2024-06-06 14:13:50,878 [Worker-9: Loading available Gradle versions] INFO  o.e.b.c.i.u.g.PublishedGradleVersions - Gradle version information cache is up-to-date. Trying to read.
2024-06-07 09:23:06,996 [Worker-9: Loading available Gradle versions] INFO  o.e.b.c.i.u.g.PublishedGradleVersions - Gradle version information cache is out-of-date. Trying to update.
2024-06-08 08:57:17,725 [Worker-4: Loading available Gradle versions] INFO  o.e.b.c.i.u.g.PublishedGradleVersions - Gradle version information cache is up-to-date. Trying to read.
2024-06-10 09:23:30,446 [Worker-4: Loading available Gradle versions] INFO  o.e.b.c.i.u.g.PublishedGradleVersions - Gradle version information cache is out-of-date. Trying to update.
2024-06-10 14:52:28,740 [Worker-7: Loading available Gradle versions] INFO  o.e.b.c.i.u.g.PublishedGradleVersions - Gradle version information cache is up-to-date. Trying to read.
2024-06-11 09:19:37,041 [Worker-4: Loading available Gradle versions] INFO  o.e.b.c.i.u.g.PublishedGradleVersions - Gradle version information cache is up-to-date. Trying to read.
2024-06-12 09:15:28,713 [Worker-1: Loading available Gradle versions] INFO  o.e.b.c.i.u.g.PublishedGradleVersions - Gradle version information cache is up-to-date. Trying to read.
2024-06-12 14:45:09,203 [Worker-82: Launching mavenrun-dbc4a0be-b41c-4afa-bb41-03bd662510a6] INFO  o.eclipse.m2e.core.internal.Bundles - getClasspathEntries(Bundle=org.eclipse.m2e.maven.runtime_3.9.500.20231113-2345 [346])
2024-06-12 14:45:09,272 [Worker-82: Launching mavenrun-dbc4a0be-b41c-4afa-bb41-03bd662510a6] INFO  o.eclipse.m2e.core.internal.Bundles - 	Entry: D:\Softwares\sts-4.21.1.RELEASE\plugins\org.eclipse.m2e.maven.runtime_3.9.500.20231113-2345
2024-06-12 14:45:09,273 [Worker-82: Launching mavenrun-dbc4a0be-b41c-4afa-bb41-03bd662510a6] INFO  o.eclipse.m2e.core.internal.Bundles - 	Entry: D:\Softwares\sts-4.21.1.RELEASE\plugins\org.eclipse.m2e.maven.runtime_3.9.500.20231113-2345\jars\aopalliance-1.0.jar
2024-06-12 14:45:09,273 [Worker-82: Launching mavenrun-dbc4a0be-b41c-4afa-bb41-03bd662510a6] INFO  o.eclipse.m2e.core.internal.Bundles - 	Entry: D:\Softwares\sts-4.21.1.RELEASE\plugins\org.eclipse.m2e.maven.runtime_3.9.500.20231113-2345\jars\guice-5.1.0.jar
2024-06-12 14:45:09,273 [Worker-82: Launching mavenrun-dbc4a0be-b41c-4afa-bb41-03bd662510a6] INFO  o.eclipse.m2e.core.internal.Bundles - 	Entry: D:\Softwares\sts-4.21.1.RELEASE\plugins\org.eclipse.m2e.maven.runtime_3.9.500.20231113-2345\jars\httpclient-4.5.14.jar
2024-06-12 14:45:09,273 [Worker-82: Launching mavenrun-dbc4a0be-b41c-4afa-bb41-03bd662510a6] INFO  o.eclipse.m2e.core.internal.Bundles - 	Entry: D:\Softwares\sts-4.21.1.RELEASE\plugins\org.eclipse.m2e.maven.runtime_3.9.500.20231113-2345\jars\httpcore-4.4.16.jar
2024-06-12 14:45:09,273 [Worker-82: Launching mavenrun-dbc4a0be-b41c-4afa-bb41-03bd662510a6] INFO  o.eclipse.m2e.core.internal.Bundles - 	Entry: D:\Softwares\sts-4.21.1.RELEASE\plugins\org.eclipse.m2e.maven.runtime_3.9.500.20231113-2345\jars\jansi-2.4.0.jar
2024-06-12 14:45:09,273 [Worker-82: Launching mavenrun-dbc4a0be-b41c-4afa-bb41-03bd662510a6] INFO  o.eclipse.m2e.core.internal.Bundles - 	Entry: D:\Softwares\sts-4.21.1.RELEASE\plugins\org.eclipse.m2e.maven.runtime_3.9.500.20231113-2345\jars\jcl-over-slf4j-1.7.36.jar
2024-06-12 14:45:09,273 [Worker-82: Launching mavenrun-dbc4a0be-b41c-4afa-bb41-03bd662510a6] INFO  o.eclipse.m2e.core.internal.Bundles - 	Entry: D:\Softwares\sts-4.21.1.RELEASE\plugins\org.eclipse.m2e.maven.runtime_3.9.500.20231113-2345\jars\maven-artifact-3.9.5.jar
2024-06-12 14:45:09,273 [Worker-82: Launching mavenrun-dbc4a0be-b41c-4afa-bb41-03bd662510a6] INFO  o.eclipse.m2e.core.internal.Bundles - 	Entry: D:\Softwares\sts-4.21.1.RELEASE\plugins\org.eclipse.m2e.maven.runtime_3.9.500.20231113-2345\jars\maven-builder-support-3.9.5.jar
2024-06-12 14:45:09,273 [Worker-82: Launching mavenrun-dbc4a0be-b41c-4afa-bb41-03bd662510a6] INFO  o.eclipse.m2e.core.internal.Bundles - 	Entry: D:\Softwares\sts-4.21.1.RELEASE\plugins\org.eclipse.m2e.maven.runtime_3.9.500.20231113-2345\jars\maven-compat-3.9.5.jar
2024-06-12 14:45:09,273 [Worker-82: Launching mavenrun-dbc4a0be-b41c-4afa-bb41-03bd662510a6] INFO  o.eclipse.m2e.core.internal.Bundles - 	Entry: D:\Softwares\sts-4.21.1.RELEASE\plugins\org.eclipse.m2e.maven.runtime_3.9.500.20231113-2345\jars\maven-core-3.9.5.jar
2024-06-12 14:45:09,273 [Worker-82: Launching mavenrun-dbc4a0be-b41c-4afa-bb41-03bd662510a6] INFO  o.eclipse.m2e.core.internal.Bundles - 	Entry: D:\Softwares\sts-4.21.1.RELEASE\plugins\org.eclipse.m2e.maven.runtime_3.9.500.20231113-2345\jars\maven-embedder-3.9.5.jar
2024-06-12 14:45:09,273 [Worker-82: Launching mavenrun-dbc4a0be-b41c-4afa-bb41-03bd662510a6] INFO  o.eclipse.m2e.core.internal.Bundles - 	Entry: D:\Softwares\sts-4.21.1.RELEASE\plugins\org.eclipse.m2e.maven.runtime_3.9.500.20231113-2345\jars\maven-model-3.9.5.jar
2024-06-12 14:45:09,273 [Worker-82: Launching mavenrun-dbc4a0be-b41c-4afa-bb41-03bd662510a6] INFO  o.eclipse.m2e.core.internal.Bundles - 	Entry: D:\Softwares\sts-4.21.1.RELEASE\plugins\org.eclipse.m2e.maven.runtime_3.9.500.20231113-2345\jars\maven-model-builder-3.9.5.jar
2024-06-12 14:45:09,273 [Worker-82: Launching mavenrun-dbc4a0be-b41c-4afa-bb41-03bd662510a6] INFO  o.eclipse.m2e.core.internal.Bundles - 	Entry: D:\Softwares\sts-4.21.1.RELEASE\plugins\org.eclipse.m2e.maven.runtime_3.9.500.20231113-2345\jars\maven-plugin-api-3.9.5.jar
2024-06-12 14:45:09,273 [Worker-82: Launching mavenrun-dbc4a0be-b41c-4afa-bb41-03bd662510a6] INFO  o.eclipse.m2e.core.internal.Bundles - 	Entry: D:\Softwares\sts-4.21.1.RELEASE\plugins\org.eclipse.m2e.maven.runtime_3.9.500.20231113-2345\jars\maven-repository-metadata-3.9.5.jar
2024-06-12 14:45:09,274 [Worker-82: Launching mavenrun-dbc4a0be-b41c-4afa-bb41-03bd662510a6] INFO  o.eclipse.m2e.core.internal.Bundles - 	Entry: D:\Softwares\sts-4.21.1.RELEASE\plugins\org.eclipse.m2e.maven.runtime_3.9.500.20231113-2345\jars\maven-resolver-api-1.9.16.jar
2024-06-12 14:45:09,274 [Worker-82: Launching mavenrun-dbc4a0be-b41c-4afa-bb41-03bd662510a6] INFO  o.eclipse.m2e.core.internal.Bundles - 	Entry: D:\Softwares\sts-4.21.1.RELEASE\plugins\org.eclipse.m2e.maven.runtime_3.9.500.20231113-2345\jars\maven-resolver-connector-basic-1.9.16.jar
2024-06-12 14:45:09,274 [Worker-82: Launching mavenrun-dbc4a0be-b41c-4afa-bb41-03bd662510a6] INFO  o.eclipse.m2e.core.internal.Bundles - 	Entry: D:\Softwares\sts-4.21.1.RELEASE\plugins\org.eclipse.m2e.maven.runtime_3.9.500.20231113-2345\jars\maven-resolver-impl-1.9.16.jar
2024-06-12 14:45:09,274 [Worker-82: Launching mavenrun-dbc4a0be-b41c-4afa-bb41-03bd662510a6] INFO  o.eclipse.m2e.core.internal.Bundles - 	Entry: D:\Softwares\sts-4.21.1.RELEASE\plugins\org.eclipse.m2e.maven.runtime_3.9.500.20231113-2345\jars\maven-resolver-named-locks-1.9.16.jar
2024-06-12 14:45:09,274 [Worker-82: Launching mavenrun-dbc4a0be-b41c-4afa-bb41-03bd662510a6] INFO  o.eclipse.m2e.core.internal.Bundles - 	Entry: D:\Softwares\sts-4.21.1.RELEASE\plugins\org.eclipse.m2e.maven.runtime_3.9.500.20231113-2345\jars\maven-resolver-provider-3.9.5.jar
2024-06-12 14:45:09,274 [Worker-82: Launching mavenrun-dbc4a0be-b41c-4afa-bb41-03bd662510a6] INFO  o.eclipse.m2e.core.internal.Bundles - 	Entry: D:\Softwares\sts-4.21.1.RELEASE\plugins\org.eclipse.m2e.maven.runtime_3.9.500.20231113-2345\jars\maven-resolver-spi-1.9.16.jar
2024-06-12 14:45:09,274 [Worker-82: Launching mavenrun-dbc4a0be-b41c-4afa-bb41-03bd662510a6] INFO  o.eclipse.m2e.core.internal.Bundles - 	Entry: D:\Softwares\sts-4.21.1.RELEASE\plugins\org.eclipse.m2e.maven.runtime_3.9.500.20231113-2345\jars\maven-resolver-transport-file-1.9.16.jar
2024-06-12 14:45:09,274 [Worker-82: Launching mavenrun-dbc4a0be-b41c-4afa-bb41-03bd662510a6] INFO  o.eclipse.m2e.core.internal.Bundles - 	Entry: D:\Softwares\sts-4.21.1.RELEASE\plugins\org.eclipse.m2e.maven.runtime_3.9.500.20231113-2345\jars\maven-resolver-transport-http-1.9.16.jar
2024-06-12 14:45:09,274 [Worker-82: Launching mavenrun-dbc4a0be-b41c-4afa-bb41-03bd662510a6] INFO  o.eclipse.m2e.core.internal.Bundles - 	Entry: D:\Softwares\sts-4.21.1.RELEASE\plugins\org.eclipse.m2e.maven.runtime_3.9.500.20231113-2345\jars\maven-resolver-transport-wagon-1.9.16.jar
2024-06-12 14:45:09,274 [Worker-82: Launching mavenrun-dbc4a0be-b41c-4afa-bb41-03bd662510a6] INFO  o.eclipse.m2e.core.internal.Bundles - 	Entry: D:\Softwares\sts-4.21.1.RELEASE\plugins\org.eclipse.m2e.maven.runtime_3.9.500.20231113-2345\jars\maven-resolver-util-1.9.16.jar
2024-06-12 14:45:09,275 [Worker-82: Launching mavenrun-dbc4a0be-b41c-4afa-bb41-03bd662510a6] INFO  o.eclipse.m2e.core.internal.Bundles - 	Entry: D:\Softwares\sts-4.21.1.RELEASE\plugins\org.eclipse.m2e.maven.runtime_3.9.500.20231113-2345\jars\maven-settings-3.9.5.jar
2024-06-12 14:45:09,275 [Worker-82: Launching mavenrun-dbc4a0be-b41c-4afa-bb41-03bd662510a6] INFO  o.eclipse.m2e.core.internal.Bundles - 	Entry: D:\Softwares\sts-4.21.1.RELEASE\plugins\org.eclipse.m2e.maven.runtime_3.9.500.20231113-2345\jars\maven-settings-builder-3.9.5.jar
2024-06-12 14:45:09,275 [Worker-82: Launching mavenrun-dbc4a0be-b41c-4afa-bb41-03bd662510a6] INFO  o.eclipse.m2e.core.internal.Bundles - 	Entry: D:\Softwares\sts-4.21.1.RELEASE\plugins\org.eclipse.m2e.maven.runtime_3.9.500.20231113-2345\jars\maven-shared-utils-3.3.4.jar
2024-06-12 14:45:09,275 [Worker-82: Launching mavenrun-dbc4a0be-b41c-4afa-bb41-03bd662510a6] INFO  o.eclipse.m2e.core.internal.Bundles - 	Entry: D:\Softwares\sts-4.21.1.RELEASE\plugins\org.eclipse.m2e.maven.runtime_3.9.500.20231113-2345\jars\org.eclipse.sisu.inject-0.3.5.jar
2024-06-12 14:45:09,275 [Worker-82: Launching mavenrun-dbc4a0be-b41c-4afa-bb41-03bd662510a6] INFO  o.eclipse.m2e.core.internal.Bundles - 	Entry: D:\Softwares\sts-4.21.1.RELEASE\plugins\org.eclipse.m2e.maven.runtime_3.9.500.20231113-2345\jars\org.eclipse.sisu.plexus-0.3.5.jar
2024-06-12 14:45:09,275 [Worker-82: Launching mavenrun-dbc4a0be-b41c-4afa-bb41-03bd662510a6] INFO  o.eclipse.m2e.core.internal.Bundles - 	Entry: D:\Softwares\sts-4.21.1.RELEASE\plugins\org.eclipse.m2e.maven.runtime_3.9.500.20231113-2345\jars\plexus-build-api-0.0.7.jar
2024-06-12 14:45:09,275 [Worker-82: Launching mavenrun-dbc4a0be-b41c-4afa-bb41-03bd662510a6] INFO  o.eclipse.m2e.core.internal.Bundles - 	Entry: D:\Softwares\sts-4.21.1.RELEASE\plugins\org.eclipse.m2e.maven.runtime_3.9.500.20231113-2345\jars\plexus-cipher-2.0.jar
2024-06-12 14:45:09,275 [Worker-82: Launching mavenrun-dbc4a0be-b41c-4afa-bb41-03bd662510a6] INFO  o.eclipse.m2e.core.internal.Bundles - 	Entry: D:\Softwares\sts-4.21.1.RELEASE\plugins\org.eclipse.m2e.maven.runtime_3.9.500.20231113-2345\jars\plexus-classworlds-2.7.0.jar
2024-06-12 14:45:09,275 [Worker-82: Launching mavenrun-dbc4a0be-b41c-4afa-bb41-03bd662510a6] INFO  o.eclipse.m2e.core.internal.Bundles - 	Entry: D:\Softwares\sts-4.21.1.RELEASE\plugins\org.eclipse.m2e.maven.runtime_3.9.500.20231113-2345\jars\plexus-component-annotations-2.1.0.jar
2024-06-12 14:45:09,275 [Worker-82: Launching mavenrun-dbc4a0be-b41c-4afa-bb41-03bd662510a6] INFO  o.eclipse.m2e.core.internal.Bundles - 	Entry: D:\Softwares\sts-4.21.1.RELEASE\plugins\org.eclipse.m2e.maven.runtime_3.9.500.20231113-2345\jars\plexus-interpolation-1.26.jar
2024-06-12 14:45:09,276 [Worker-82: Launching mavenrun-dbc4a0be-b41c-4afa-bb41-03bd662510a6] INFO  o.eclipse.m2e.core.internal.Bundles - 	Entry: D:\Softwares\sts-4.21.1.RELEASE\plugins\org.eclipse.m2e.maven.runtime_3.9.500.20231113-2345\jars\plexus-sec-dispatcher-2.0.jar
2024-06-12 14:45:09,276 [Worker-82: Launching mavenrun-dbc4a0be-b41c-4afa-bb41-03bd662510a6] INFO  o.eclipse.m2e.core.internal.Bundles - 	Entry: D:\Softwares\sts-4.21.1.RELEASE\plugins\org.eclipse.m2e.maven.runtime_3.9.500.20231113-2345\jars\plexus-utils-3.5.1.jar
2024-06-12 14:45:09,276 [Worker-82: Launching mavenrun-dbc4a0be-b41c-4afa-bb41-03bd662510a6] INFO  o.eclipse.m2e.core.internal.Bundles - 	Entry: D:\Softwares\sts-4.21.1.RELEASE\plugins\org.eclipse.m2e.maven.runtime_3.9.500.20231113-2345\jars\wagon-file-3.5.3.jar
2024-06-12 14:45:09,276 [Worker-82: Launching mavenrun-dbc4a0be-b41c-4afa-bb41-03bd662510a6] INFO  o.eclipse.m2e.core.internal.Bundles - 	Entry: D:\Softwares\sts-4.21.1.RELEASE\plugins\org.eclipse.m2e.maven.runtime_3.9.500.20231113-2345\jars\wagon-http-3.5.3.jar
2024-06-12 14:45:09,276 [Worker-82: Launching mavenrun-dbc4a0be-b41c-4afa-bb41-03bd662510a6] INFO  o.eclipse.m2e.core.internal.Bundles - 	Entry: D:\Softwares\sts-4.21.1.RELEASE\plugins\org.eclipse.m2e.maven.runtime_3.9.500.20231113-2345\jars\wagon-http-shared-3.5.3.jar
2024-06-12 14:45:09,276 [Worker-82: Launching mavenrun-dbc4a0be-b41c-4afa-bb41-03bd662510a6] INFO  o.eclipse.m2e.core.internal.Bundles - 	Entry: D:\Softwares\sts-4.21.1.RELEASE\plugins\org.eclipse.m2e.maven.runtime_3.9.500.20231113-2345\jars\wagon-provider-api-3.5.3.jar
2024-06-12 14:45:09,277 [Worker-82: Launching mavenrun-dbc4a0be-b41c-4afa-bb41-03bd662510a6] INFO  o.eclipse.m2e.core.internal.Bundles - getClasspathEntries(Bundle=com.google.guava_33.0.0.jre [25])
2024-06-12 14:45:09,277 [Worker-82: Launching mavenrun-dbc4a0be-b41c-4afa-bb41-03bd662510a6] INFO  o.eclipse.m2e.core.internal.Bundles - 	Entry: D:\Softwares\sts-4.21.1.RELEASE\plugins\com.google.guava_33.0.0.jre.jar
2024-06-12 14:45:09,277 [Worker-82: Launching mavenrun-dbc4a0be-b41c-4afa-bb41-03bd662510a6] INFO  o.eclipse.m2e.core.internal.Bundles - getClasspathEntries(Bundle=slf4j.api_2.0.9 [573])
2024-06-12 14:45:09,277 [Worker-82: Launching mavenrun-dbc4a0be-b41c-4afa-bb41-03bd662510a6] INFO  o.eclipse.m2e.core.internal.Bundles - 	Entry: D:\Softwares\sts-4.21.1.RELEASE\plugins\slf4j.api_2.0.9.jar
2024-06-12 14:45:09,277 [Worker-82: Launching mavenrun-dbc4a0be-b41c-4afa-bb41-03bd662510a6] INFO  o.eclipse.m2e.core.internal.Bundles - getClasspathEntries(Bundle=jakarta.inject.jakarta.inject-api_1.0.5 [41])
2024-06-12 14:45:09,277 [Worker-82: Launching mavenrun-dbc4a0be-b41c-4afa-bb41-03bd662510a6] INFO  o.eclipse.m2e.core.internal.Bundles - 	Entry: D:\Softwares\sts-4.21.1.RELEASE\plugins\jakarta.inject.jakarta.inject-api_1.0.5.jar
2024-06-12 14:45:09,277 [Worker-82: Launching mavenrun-dbc4a0be-b41c-4afa-bb41-03bd662510a6] INFO  o.eclipse.m2e.core.internal.Bundles - getClasspathEntries(Bundle=jakarta.annotation-api_1.3.5 [37])
2024-06-12 14:45:09,277 [Worker-82: Launching mavenrun-dbc4a0be-b41c-4afa-bb41-03bd662510a6] INFO  o.eclipse.m2e.core.internal.Bundles - 	Entry: D:\Softwares\sts-4.21.1.RELEASE\plugins\jakarta.annotation-api_1.3.5.jar
2024-06-12 14:45:09,277 [Worker-82: Launching mavenrun-dbc4a0be-b41c-4afa-bb41-03bd662510a6] INFO  o.eclipse.m2e.core.internal.Bundles - getClasspathEntries(Bundle=org.apache.commons.cli_1.6.0 [71])
2024-06-12 14:45:09,310 [Worker-82: Launching mavenrun-dbc4a0be-b41c-4afa-bb41-03bd662510a6] INFO  o.eclipse.m2e.core.internal.Bundles - 	Entry: D:\Softwares\sts-4.21.1.RELEASE\plugins\org.apache.commons.cli_1.6.0.jar
2024-06-12 14:45:09,310 [Worker-82: Launching mavenrun-dbc4a0be-b41c-4afa-bb41-03bd662510a6] INFO  o.eclipse.m2e.core.internal.Bundles - getClasspathEntries(Bundle=org.apache.commons.commons-codec_1.16.0 [73])
2024-06-12 14:45:09,322 [Worker-82: Launching mavenrun-dbc4a0be-b41c-4afa-bb41-03bd662510a6] INFO  o.eclipse.m2e.core.internal.Bundles - 	Entry: D:\Softwares\sts-4.21.1.RELEASE\plugins\org.apache.commons.commons-codec_1.16.0.jar
2024-06-12 14:45:09,323 [Worker-82: Launching mavenrun-dbc4a0be-b41c-4afa-bb41-03bd662510a6] INFO  o.eclipse.m2e.core.internal.Bundles - getClasspathEntries(Bundle=org.apache.commons.lang3_3.13.0 [77])
2024-06-12 14:45:09,330 [Worker-82: Launching mavenrun-dbc4a0be-b41c-4afa-bb41-03bd662510a6] INFO  o.eclipse.m2e.core.internal.Bundles - 	Entry: D:\Softwares\sts-4.21.1.RELEASE\plugins\org.apache.commons.lang3_3.13.0.jar
2024-06-12 14:45:09,330 [Worker-82: Launching mavenrun-dbc4a0be-b41c-4afa-bb41-03bd662510a6] INFO  o.eclipse.m2e.core.internal.Bundles - getClasspathEntries(Bundle=com.google.guava.failureaccess_1.0.2 [27])
2024-06-12 14:45:09,330 [Worker-82: Launching mavenrun-dbc4a0be-b41c-4afa-bb41-03bd662510a6] INFO  o.eclipse.m2e.core.internal.Bundles - 	Entry: D:\Softwares\sts-4.21.1.RELEASE\plugins\com.google.guava.failureaccess_1.0.2.jar
2024-06-12 14:45:09,333 [Worker-82: Launching mavenrun-dbc4a0be-b41c-4afa-bb41-03bd662510a6] INFO  o.e.m.i.launch.MavenLaunchDelegate - Run build in "C:\Users\rjaga\AppData\Local\Temp\m2e-archetypeGenerator15305256797739176126":
2024-06-12 14:45:09,335 [Worker-82: Launching mavenrun-dbc4a0be-b41c-4afa-bb41-03bd662510a6] INFO  o.e.m.i.launch.MavenLaunchDelegate -  mvn  -DarchetypeGroupId=org.apache.maven.archetypes -DarchetypeArtifactId=maven-archetype-quickstart -DarchetypeVersion=1.1 -DgroupId=com.wipro.demo -DartifactId=12-jun-spring-1 -Dversion=0.0.1-SNAPSHOT -Dpackage=com.wipro.demo -DoutputDirectory=D:\Jag\wipro\June2024\all\Java -Dstyle.color=always -U archetype:generate
2024-06-12 14:45:44,963 [Worker-86: Creating maven-archetype-quickstart] INFO  o.e.m.c.i.p.ProjectConfigurationManager - Collecting project info '/pom.xml' D:\Jag\wipro\June2024\all\Java\12-jun-spring-1\pom.xml
2024-06-12 14:45:47,329 [Worker-86: Creating maven-archetype-quickstart] INFO  o.e.m.c.i.l.LifecycleMappingFactory - Using org.eclipse.m2e.jdt.JarLifecycleMapping lifecycle mapping for MavenProject: com.wipro.demo:12-jun-spring-1:0.0.1-SNAPSHOT @ D:\Jag\wipro\June2024\all\Java\12-jun-spring-1\pom.xml.
2024-06-12 14:45:49,263 [Worker-86: Creating maven-archetype-quickstart] INFO  o.e.m.j.i.AbstractJavaProjectConfigurator - Adding source folder /12-jun-spring-1/src/main/java
2024-06-12 14:45:49,263 [Worker-86: Creating maven-archetype-quickstart] INFO  o.e.m.j.i.AbstractJavaProjectConfigurator - Adding resource folder /12-jun-spring-1/src/main/resources
2024-06-12 14:45:49,305 [Worker-86: Creating maven-archetype-quickstart] INFO  o.e.m.j.i.AbstractJavaProjectConfigurator - Adding source folder /12-jun-spring-1/src/test/java
2024-06-12 14:45:49,306 [Worker-86: Creating maven-archetype-quickstart] INFO  o.e.m.j.i.AbstractJavaProjectConfigurator - Adding resource folder /12-jun-spring-1/src/test/resources
2024-06-12 14:45:49,598 [Worker-86: Creating maven-archetype-quickstart] INFO  o.e.m.c.i.p.ProjectConfigurationManager - Imported and configured 1 project(s) in 4 sec
2024-06-12 14:45:50,478 [Worker-87: Updating Maven Project] INFO  o.e.m.c.i.p.ProjectConfigurationManager - Update started
2024-06-12 14:45:50,692 [Worker-87: Updating Maven Project] INFO  o.e.m.c.i.l.LifecycleMappingFactory - Using org.eclipse.m2e.jdt.JarLifecycleMapping lifecycle mapping for MavenProject: com.wipro.demo:12-jun-spring-1:0.0.1-SNAPSHOT @ D:\Jag\wipro\June2024\all\Java\12-jun-spring-1\pom.xml.
2024-06-12 14:45:50,880 [Worker-87: Updating Maven Project] INFO  o.e.m.j.i.AbstractJavaProjectConfigurator - Adding source folder /12-jun-spring-1/src/main/java
2024-06-12 14:45:50,880 [Worker-87: Updating Maven Project] INFO  o.e.m.j.i.AbstractJavaProjectConfigurator - Adding resource folder /12-jun-spring-1/src/main/resources
2024-06-12 14:45:50,880 [Worker-87: Updating Maven Project] INFO  o.e.m.j.i.AbstractJavaProjectConfigurator - Adding source folder /12-jun-spring-1/src/test/java
2024-06-12 14:45:50,880 [Worker-87: Updating Maven Project] INFO  o.e.m.j.i.AbstractJavaProjectConfigurator - Adding resource folder /12-jun-spring-1/src/test/resources
2024-06-12 14:45:50,957 [Worker-87: Updating Maven Project] INFO  o.e.m.c.i.p.ProjectConfigurationManager - Update completed for 1 poms: local refresh takes 0.00 sec, refresh facades takes 0.00 sec, update config takes 0.00 sec 
2024-06-12 14:45:51,134 [Worker-89: Building] INFO  o.a.m.s.f.DefaultMavenResourcesFiltering - skip non existing resourceDirectory D:\Jag\wipro\June2024\all\Java\12-jun-spring-1\src\main\resources
2024-06-12 14:45:51,139 [Worker-89: Building] INFO  o.a.m.s.f.DefaultMavenResourcesFiltering - skip non existing resourceDirectory D:\Jag\wipro\June2024\all\Java\12-jun-spring-1\src\test\resources
2024-06-12 14:49:22,420 [Worker-93: Building] INFO  o.e.m.c.i.l.LifecycleMappingFactory - Using org.eclipse.m2e.jdt.JarLifecycleMapping lifecycle mapping for MavenProject: com.wipro.demo:12-jun-spring-1:0.0.1-SNAPSHOT @ D:\Jag\wipro\June2024\all\Java\12-jun-spring-1\pom.xml.
2024-06-12 14:49:23,267 [Worker-93: Building] INFO  o.a.m.s.f.DefaultMavenResourcesFiltering - skip non existing resourceDirectory D:\Jag\wipro\June2024\all\Java\12-jun-spring-1\src\main\resources
2024-06-12 14:49:23,271 [Worker-93: Building] INFO  o.a.m.s.f.DefaultMavenResourcesFiltering - skip non existing resourceDirectory D:\Jag\wipro\June2024\all\Java\12-jun-spring-1\src\test\resources
2024-06-12 14:50:32,592 [Worker-90: Building] INFO  o.e.m.c.i.l.LifecycleMappingFactory - Using org.eclipse.m2e.jdt.JarLifecycleMapping lifecycle mapping for MavenProject: com.wipro.demo:12-jun-spring-1:0.0.1-SNAPSHOT @ D:\Jag\wipro\June2024\all\Java\12-jun-spring-1\pom.xml.
2024-06-12 14:50:33,298 [Worker-90: Building] INFO  o.e.m.c.i.e.AbstractTransferListenerAdapter - Downloading https://repo.maven.apache.org/maven2/org/springframework/spring-context-support/6.1.8/spring-context-support-6.1.8.pom
2024-06-12 14:50:33,327 [Worker-90: Building] INFO  o.e.m.c.i.e.AbstractTransferListenerAdapter - Downloaded https://repo.maven.apache.org/maven2/org/springframework/spring-context-support/6.1.8/spring-context-support-6.1.8.pom
2024-06-12 14:50:33,486 [Worker-90: Building] INFO  o.e.m.c.i.e.AbstractTransferListenerAdapter - Downloading https://repo.maven.apache.org/maven2/org/springframework/spring-context-support/6.1.8/spring-context-support-6.1.8.jar
2024-06-12 14:50:33,727 [Worker-90: Building] INFO  o.e.m.c.i.e.AbstractTransferListenerAdapter - Downloaded https://repo.maven.apache.org/maven2/org/springframework/spring-context-support/6.1.8/spring-context-support-6.1.8.jar
2024-06-12 14:50:34,802 [Worker-90: Building] INFO  o.a.m.s.f.DefaultMavenResourcesFiltering - skip non existing resourceDirectory D:\Jag\wipro\June2024\all\Java\12-jun-spring-1\src\main\resources
2024-06-12 14:50:34,809 [Worker-90: Building] INFO  o.a.m.s.f.DefaultMavenResourcesFiltering - skip non existing resourceDirectory D:\Jag\wipro\June2024\all\Java\12-jun-spring-1\src\test\resources
2024-06-12 14:50:35,843 [Worker-99: Download sources and javadoc] INFO  o.e.m.c.i.e.AbstractTransferListenerAdapter - Downloading https://repo.maven.apache.org/maven2/org/springframework/spring-context-support/6.1.8/spring-context-support-6.1.8-sources.jar
2024-06-12 14:50:35,967 [Worker-99: Download sources and javadoc] INFO  o.e.m.c.i.e.AbstractTransferListenerAdapter - Downloaded https://repo.maven.apache.org/maven2/org/springframework/spring-context-support/6.1.8/spring-context-support-6.1.8-sources.jar
2024-06-12 14:50:35,973 [Worker-99: Download sources and javadoc] INFO  o.e.m.j.internal.DownloadSourcesJob - Downloaded sources for org.springframework:spring-context-support:6.1.8
2024-06-12 14:51:20,238 [Worker-92: Building] INFO  o.a.m.s.f.DefaultMavenResourcesFiltering - skip non existing resourceDirectory D:\Jag\wipro\June2024\all\Java\12-jun-spring-1\src\main\resources
2024-06-12 14:51:20,241 [Worker-92: Building] INFO  o.a.m.s.f.DefaultMavenResourcesFiltering - skip non existing resourceDirectory D:\Jag\wipro\June2024\all\Java\12-jun-spring-1\src\test\resources
2024-06-12 14:51:46,772 [Worker-97: Building] INFO  o.a.m.s.f.DefaultMavenResourcesFiltering - skip non existing resourceDirectory D:\Jag\wipro\June2024\all\Java\12-jun-spring-1\src\main\resources
2024-06-12 14:51:46,775 [Worker-97: Building] INFO  o.a.m.s.f.DefaultMavenResourcesFiltering - skip non existing resourceDirectory D:\Jag\wipro\June2024\all\Java\12-jun-spring-1\src\test\resources
2024-06-12 14:51:49,821 [Worker-96: Building] INFO  o.a.m.s.f.DefaultMavenResourcesFiltering - skip non existing resourceDirectory D:\Jag\wipro\June2024\all\Java\12-jun-spring-1\src\main\resources
2024-06-12 14:51:49,825 [Worker-96: Building] INFO  o.a.m.s.f.DefaultMavenResourcesFiltering - skip non existing resourceDirectory D:\Jag\wipro\June2024\all\Java\12-jun-spring-1\src\test\resources
2024-06-12 14:51:52,276 [Worker-97: Building] INFO  o.a.m.s.f.DefaultMavenResourcesFiltering - skip non existing resourceDirectory D:\Jag\wipro\June2024\all\Java\12-jun-spring-1\src\main\resources
2024-06-12 14:51:52,281 [Worker-97: Building] INFO  o.a.m.s.f.DefaultMavenResourcesFiltering - skip non existing resourceDirectory D:\Jag\wipro\June2024\all\Java\12-jun-spring-1\src\test\resources
2024-06-12 14:54:00,255 [Worker-98: Building] INFO  o.a.m.s.f.DefaultMavenResourcesFiltering - skip non existing resourceDirectory D:\Jag\wipro\June2024\all\Java\12-jun-spring-1\src\main\resources
2024-06-12 14:54:00,261 [Worker-98: Building] INFO  o.a.m.s.f.DefaultMavenResourcesFiltering - skip non existing resourceDirectory D:\Jag\wipro\June2024\all\Java\12-jun-spring-1\src\test\resources
2024-06-12 14:55:06,970 [Worker-103: Building] INFO  o.a.m.s.f.DefaultMavenResourcesFiltering - skip non existing resourceDirectory D:\Jag\wipro\June2024\all\Java\12-jun-spring-1\src\main\resources
2024-06-12 14:55:06,972 [Worker-103: Building] INFO  o.a.m.s.f.DefaultMavenResourcesFiltering - skip non existing resourceDirectory D:\Jag\wipro\June2024\all\Java\12-jun-spring-1\src\test\resources
2024-06-12 14:55:25,350 [Worker-105: Building] INFO  o.a.m.s.f.DefaultMavenResourcesFiltering - skip non existing resourceDirectory D:\Jag\wipro\June2024\all\Java\12-jun-spring-1\src\main\resources
2024-06-12 14:55:25,353 [Worker-105: Building] INFO  o.a.m.s.f.DefaultMavenResourcesFiltering - skip non existing resourceDirectory D:\Jag\wipro\June2024\all\Java\12-jun-spring-1\src\test\resources
2024-06-12 14:55:52,623 [Worker-103: Building] INFO  o.a.m.s.f.DefaultMavenResourcesFiltering - skip non existing resourceDirectory D:\Jag\wipro\June2024\all\Java\12-jun-spring-1\src\main\resources
2024-06-12 14:55:52,626 [Worker-103: Building] INFO  o.a.m.s.f.DefaultMavenResourcesFiltering - skip non existing resourceDirectory D:\Jag\wipro\June2024\all\Java\12-jun-spring-1\src\test\resources
2024-06-12 14:56:09,092 [Worker-104: Building] INFO  o.a.m.s.f.DefaultMavenResourcesFiltering - skip non existing resourceDirectory D:\Jag\wipro\June2024\all\Java\12-jun-spring-1\src\main\resources
2024-06-12 14:56:09,093 [Worker-104: Building] INFO  o.a.m.s.f.DefaultMavenResourcesFiltering - skip non existing resourceDirectory D:\Jag\wipro\June2024\all\Java\12-jun-spring-1\src\test\resources
2024-06-12 14:56:57,572 [Worker-106: Building] INFO  o.a.m.s.f.DefaultMavenResourcesFiltering - skip non existing resourceDirectory D:\Jag\wipro\June2024\all\Java\12-jun-spring-1\src\main\resources
2024-06-12 14:56:57,573 [Worker-106: Building] INFO  o.a.m.s.f.DefaultMavenResourcesFiltering - skip non existing resourceDirectory D:\Jag\wipro\June2024\all\Java\12-jun-spring-1\src\test\resources
2024-06-12 14:59:23,397 [Worker-109: Building] INFO  o.a.m.s.f.DefaultMavenResourcesFiltering - skip non existing resourceDirectory D:\Jag\wipro\June2024\all\Java\12-jun-spring-1\src\main\resources
2024-06-12 14:59:23,400 [Worker-109: Building] INFO  o.a.m.s.f.DefaultMavenResourcesFiltering - skip non existing resourceDirectory D:\Jag\wipro\June2024\all\Java\12-jun-spring-1\src\test\resources
2024-06-12 14:59:52,299 [Worker-110: Building] INFO  o.a.m.s.f.DefaultMavenResourcesFiltering - skip non existing resourceDirectory D:\Jag\wipro\June2024\all\Java\12-jun-spring-1\src\main\resources
2024-06-12 14:59:52,301 [Worker-110: Building] INFO  o.a.m.s.f.DefaultMavenResourcesFiltering - skip non existing resourceDirectory D:\Jag\wipro\June2024\all\Java\12-jun-spring-1\src\test\resources
2024-06-12 15:21:00,628 [Worker-116: Building] INFO  o.a.m.s.f.DefaultMavenResourcesFiltering - skip non existing resourceDirectory D:\Jag\wipro\June2024\all\Java\12-jun-spring-1\src\main\resources
2024-06-12 15:21:00,631 [Worker-116: Building] INFO  o.a.m.s.f.DefaultMavenResourcesFiltering - skip non existing resourceDirectory D:\Jag\wipro\June2024\all\Java\12-jun-spring-1\src\test\resources
2024-06-12 15:21:51,614 [Worker-115: Building] INFO  o.a.m.s.f.DefaultMavenResourcesFiltering - skip non existing resourceDirectory D:\Jag\wipro\June2024\all\Java\12-jun-spring-1\src\main\resources
2024-06-12 15:21:51,618 [Worker-115: Building] INFO  o.a.m.s.f.DefaultMavenResourcesFiltering - skip non existing resourceDirectory D:\Jag\wipro\June2024\all\Java\12-jun-spring-1\src\test\resources
2024-06-12 15:21:57,632 [Worker-109: Building] INFO  o.a.m.s.f.DefaultMavenResourcesFiltering - skip non existing resourceDirectory D:\Jag\wipro\June2024\all\Java\12-jun-spring-1\src\main\resources
2024-06-12 15:21:57,634 [Worker-109: Building] INFO  o.a.m.s.f.DefaultMavenResourcesFiltering - skip non existing resourceDirectory D:\Jag\wipro\June2024\all\Java\12-jun-spring-1\src\test\resources
2024-06-12 15:22:45,263 [Worker-116: Building] INFO  o.a.m.s.f.DefaultMavenResourcesFiltering - skip non existing resourceDirectory D:\Jag\wipro\June2024\all\Java\12-jun-spring-1\src\main\resources
2024-06-12 15:22:45,264 [Worker-116: Building] INFO  o.a.m.s.f.DefaultMavenResourcesFiltering - skip non existing resourceDirectory D:\Jag\wipro\June2024\all\Java\12-jun-spring-1\src\test\resources
2024-06-12 15:23:40,419 [Worker-109: Building] INFO  o.e.m.c.i.l.LifecycleMappingFactory - Using org.eclipse.m2e.jdt.JarLifecycleMapping lifecycle mapping for MavenProject: com.wipro.demo:12-jun-spring-1:0.0.1-SNAPSHOT @ D:\Jag\wipro\June2024\all\Java\12-jun-spring-2\pom.xml.
2024-06-12 15:23:40,536 [Worker-109: Building] INFO  o.a.m.s.f.DefaultMavenResourcesFiltering - skip non existing resourceDirectory D:\Jag\wipro\June2024\all\Java\12-jun-spring-2\src\main\resources
2024-06-12 15:23:40,538 [Worker-109: Building] INFO  o.a.m.s.f.DefaultMavenResourcesFiltering - skip non existing resourceDirectory D:\Jag\wipro\June2024\all\Java\12-jun-spring-2\src\test\resources
2024-06-12 15:23:52,906 [Worker-118: Building] INFO  o.a.m.s.f.DefaultMavenResourcesFiltering - skip non existing resourceDirectory D:\Jag\wipro\June2024\all\Java\12-jun-spring-2\src\main\resources
2024-06-12 15:23:52,908 [Worker-118: Building] INFO  o.a.m.s.f.DefaultMavenResourcesFiltering - skip non existing resourceDirectory D:\Jag\wipro\June2024\all\Java\12-jun-spring-2\src\test\resources
2024-06-12 15:24:14,000 [Worker-118: Building] INFO  o.a.m.s.f.DefaultMavenResourcesFiltering - skip non existing resourceDirectory D:\Jag\wipro\June2024\all\Java\12-jun-spring-2\src\main\resources
2024-06-12 15:24:14,004 [Worker-118: Building] INFO  o.a.m.s.f.DefaultMavenResourcesFiltering - skip non existing resourceDirectory D:\Jag\wipro\June2024\all\Java\12-jun-spring-2\src\test\resources
2024-06-12 15:24:16,557 [Worker-112: Building] INFO  o.a.m.s.f.DefaultMavenResourcesFiltering - skip non existing resourceDirectory D:\Jag\wipro\June2024\all\Java\12-jun-spring-2\src\main\resources
2024-06-12 15:24:16,559 [Worker-112: Building] INFO  o.a.m.s.f.DefaultMavenResourcesFiltering - skip non existing resourceDirectory D:\Jag\wipro\June2024\all\Java\12-jun-spring-2\src\test\resources
2024-06-12 15:24:18,602 [Worker-118: Building] INFO  o.a.m.s.f.DefaultMavenResourcesFiltering - skip non existing resourceDirectory D:\Jag\wipro\June2024\all\Java\12-jun-spring-2\src\main\resources
2024-06-12 15:24:18,604 [Worker-118: Building] INFO  o.a.m.s.f.DefaultMavenResourcesFiltering - skip non existing resourceDirectory D:\Jag\wipro\June2024\all\Java\12-jun-spring-2\src\test\resources
2024-06-12 15:24:59,966 [Worker-117: Building] INFO  o.a.m.s.f.DefaultMavenResourcesFiltering - skip non existing resourceDirectory D:\Jag\wipro\June2024\all\Java\12-jun-spring-2\src\main\resources
2024-06-12 15:24:59,968 [Worker-117: Building] INFO  o.a.m.s.f.DefaultMavenResourcesFiltering - skip non existing resourceDirectory D:\Jag\wipro\June2024\all\Java\12-jun-spring-2\src\test\resources
2024-06-12 15:26:13,593 [Worker-115: Building] INFO  o.a.m.s.f.DefaultMavenResourcesFiltering - skip non existing resourceDirectory D:\Jag\wipro\June2024\all\Java\12-jun-spring-2\src\main\resources
2024-06-12 15:26:13,594 [Worker-115: Building] INFO  o.a.m.s.f.DefaultMavenResourcesFiltering - skip non existing resourceDirectory D:\Jag\wipro\June2024\all\Java\12-jun-spring-2\src\test\resources
2024-06-12 15:26:38,916 [Worker-117: Building] INFO  o.a.m.s.f.DefaultMavenResourcesFiltering - skip non existing resourceDirectory D:\Jag\wipro\June2024\all\Java\12-jun-spring-2\src\main\resources
2024-06-12 15:26:38,917 [Worker-117: Building] INFO  o.a.m.s.f.DefaultMavenResourcesFiltering - skip non existing resourceDirectory D:\Jag\wipro\June2024\all\Java\12-jun-spring-2\src\test\resources
2024-06-12 15:33:12,134 [Worker-59: Building] INFO  o.a.m.s.f.DefaultMavenResourcesFiltering - skip non existing resourceDirectory D:\Jag\wipro\June2024\all\Java\12-jun-spring-2\src\main\resources
2024-06-12 15:33:12,135 [Worker-59: Building] INFO  o.a.m.s.f.DefaultMavenResourcesFiltering - skip non existing resourceDirectory D:\Jag\wipro\June2024\all\Java\12-jun-spring-2\src\test\resources
2024-06-12 15:43:34,093 [Worker-119: Building] INFO  o.a.m.s.f.DefaultMavenResourcesFiltering - skip non existing resourceDirectory D:\Jag\wipro\June2024\all\Java\12-jun-spring-2\src\main\resources
2024-06-12 15:43:34,094 [Worker-119: Building] INFO  o.a.m.s.f.DefaultMavenResourcesFiltering - skip non existing resourceDirectory D:\Jag\wipro\June2024\all\Java\12-jun-spring-2\src\test\resources
2024-06-12 15:44:07,570 [Worker-125: Building] INFO  o.a.m.s.f.DefaultMavenResourcesFiltering - skip non existing resourceDirectory D:\Jag\wipro\June2024\all\Java\12-jun-spring-2\src\main\resources
2024-06-12 15:44:07,572 [Worker-125: Building] INFO  o.a.m.s.f.DefaultMavenResourcesFiltering - skip non existing resourceDirectory D:\Jag\wipro\June2024\all\Java\12-jun-spring-2\src\test\resources
2024-06-12 15:48:01,688 [Worker-124: Building] INFO  o.a.m.s.f.DefaultMavenResourcesFiltering - skip non existing resourceDirectory D:\Jag\wipro\June2024\all\Java\12-jun-spring-2\src\main\resources
2024-06-12 15:48:01,689 [Worker-124: Building] INFO  o.a.m.s.f.DefaultMavenResourcesFiltering - skip non existing resourceDirectory D:\Jag\wipro\June2024\all\Java\12-jun-spring-2\src\test\resources
2024-06-12 15:48:18,233 [Worker-128: Building] INFO  o.a.m.s.f.DefaultMavenResourcesFiltering - skip non existing resourceDirectory D:\Jag\wipro\June2024\all\Java\12-jun-spring-2\src\main\resources
2024-06-12 15:48:18,234 [Worker-128: Building] INFO  o.a.m.s.f.DefaultMavenResourcesFiltering - skip non existing resourceDirectory D:\Jag\wipro\June2024\all\Java\12-jun-spring-2\src\test\resources
2024-06-12 15:51:18,797 [Worker-131: Building] INFO  o.a.m.s.f.DefaultMavenResourcesFiltering - skip non existing resourceDirectory D:\Jag\wipro\June2024\all\Java\12-jun-spring-2\src\main\resources
2024-06-12 15:51:18,801 [Worker-131: Building] INFO  o.a.m.s.f.DefaultMavenResourcesFiltering - skip non existing resourceDirectory D:\Jag\wipro\June2024\all\Java\12-jun-spring-2\src\test\resources
2024-06-12 15:52:37,632 [Worker-129: Building] INFO  o.a.m.s.f.DefaultMavenResourcesFiltering - skip non existing resourceDirectory D:\Jag\wipro\June2024\all\Java\12-jun-spring-2\src\main\resources
2024-06-12 15:52:37,635 [Worker-129: Building] INFO  o.a.m.s.f.DefaultMavenResourcesFiltering - skip non existing resourceDirectory D:\Jag\wipro\June2024\all\Java\12-jun-spring-2\src\test\resources
2024-06-12 15:53:02,229 [Worker-129: Building] INFO  o.a.m.s.f.DefaultMavenResourcesFiltering - skip non existing resourceDirectory D:\Jag\wipro\June2024\all\Java\12-jun-spring-2\src\main\resources
2024-06-12 15:53:02,231 [Worker-129: Building] INFO  o.a.m.s.f.DefaultMavenResourcesFiltering - skip non existing resourceDirectory D:\Jag\wipro\June2024\all\Java\12-jun-spring-2\src\test\resources
2024-06-12 15:53:33,766 [Worker-132: Building] INFO  o.a.m.s.f.DefaultMavenResourcesFiltering - skip non existing resourceDirectory D:\Jag\wipro\June2024\all\Java\12-jun-spring-2\src\main\resources
2024-06-12 15:53:33,768 [Worker-132: Building] INFO  o.a.m.s.f.DefaultMavenResourcesFiltering - skip non existing resourceDirectory D:\Jag\wipro\June2024\all\Java\12-jun-spring-2\src\test\resources
2024-06-12 15:53:59,169 [Worker-132: Building] INFO  o.a.m.s.f.DefaultMavenResourcesFiltering - skip non existing resourceDirectory D:\Jag\wipro\June2024\all\Java\12-jun-spring-2\src\main\resources
2024-06-12 15:53:59,171 [Worker-132: Building] INFO  o.a.m.s.f.DefaultMavenResourcesFiltering - skip non existing resourceDirectory D:\Jag\wipro\June2024\all\Java\12-jun-spring-2\src\test\resources
2024-06-12 15:54:05,011 [Worker-131: Building] INFO  o.a.m.s.f.DefaultMavenResourcesFiltering - skip non existing resourceDirectory D:\Jag\wipro\June2024\all\Java\12-jun-spring-2\src\main\resources
2024-06-12 15:54:05,012 [Worker-131: Building] INFO  o.a.m.s.f.DefaultMavenResourcesFiltering - skip non existing resourceDirectory D:\Jag\wipro\June2024\all\Java\12-jun-spring-2\src\test\resources
2024-06-12 16:16:46,983 [Worker-135: Building] INFO  o.e.m.c.i.l.LifecycleMappingFactory - Using org.eclipse.m2e.jdt.JarLifecycleMapping lifecycle mapping for MavenProject: com.wipro.demo:12-jun-spring-1:0.0.1-SNAPSHOT @ D:\Jag\wipro\June2024\all\Java\12-jun-spring-3\pom.xml.
2024-06-12 16:16:47,640 [Worker-135: Building] INFO  o.a.m.s.f.DefaultMavenResourcesFiltering - skip non existing resourceDirectory D:\Jag\wipro\June2024\all\Java\12-jun-spring-3\src\main\resources
2024-06-12 16:16:47,641 [Worker-135: Building] INFO  o.a.m.s.f.DefaultMavenResourcesFiltering - skip non existing resourceDirectory D:\Jag\wipro\June2024\all\Java\12-jun-spring-3\src\test\resources
2024-06-12 16:17:02,086 [Worker-129: Building] INFO  o.a.m.s.f.DefaultMavenResourcesFiltering - skip non existing resourceDirectory D:\Jag\wipro\June2024\all\Java\12-jun-spring-3\src\main\resources
2024-06-12 16:17:02,087 [Worker-129: Building] INFO  o.a.m.s.f.DefaultMavenResourcesFiltering - skip non existing resourceDirectory D:\Jag\wipro\June2024\all\Java\12-jun-spring-3\src\test\resources
2024-06-12 16:17:17,442 [Worker-136: Building] INFO  o.a.m.s.f.DefaultMavenResourcesFiltering - skip non existing resourceDirectory D:\Jag\wipro\June2024\all\Java\12-jun-spring-3\src\main\resources
2024-06-12 16:17:17,447 [Worker-136: Building] INFO  o.a.m.s.f.DefaultMavenResourcesFiltering - skip non existing resourceDirectory D:\Jag\wipro\June2024\all\Java\12-jun-spring-3\src\test\resources
2024-06-12 16:19:44,486 [Worker-141: Building] INFO  o.a.m.s.f.DefaultMavenResourcesFiltering - skip non existing resourceDirectory D:\Jag\wipro\June2024\all\Java\12-jun-spring-3\src\main\resources
2024-06-12 16:19:44,488 [Worker-141: Building] INFO  o.a.m.s.f.DefaultMavenResourcesFiltering - skip non existing resourceDirectory D:\Jag\wipro\June2024\all\Java\12-jun-spring-3\src\test\resources
2024-06-12 16:19:57,292 [Worker-141: Building] INFO  o.a.m.s.f.DefaultMavenResourcesFiltering - skip non existing resourceDirectory D:\Jag\wipro\June2024\all\Java\12-jun-spring-3\src\main\resources
2024-06-12 16:19:57,293 [Worker-141: Building] INFO  o.a.m.s.f.DefaultMavenResourcesFiltering - skip non existing resourceDirectory D:\Jag\wipro\June2024\all\Java\12-jun-spring-3\src\test\resources
2024-06-12 16:20:10,657 [Worker-141: Building] INFO  o.a.m.s.f.DefaultMavenResourcesFiltering - skip non existing resourceDirectory D:\Jag\wipro\June2024\all\Java\12-jun-spring-3\src\main\resources
2024-06-12 16:20:10,658 [Worker-141: Building] INFO  o.a.m.s.f.DefaultMavenResourcesFiltering - skip non existing resourceDirectory D:\Jag\wipro\June2024\all\Java\12-jun-spring-3\src\test\resources
2024-06-12 16:21:31,024 [Worker-140: Building] INFO  o.a.m.s.f.DefaultMavenResourcesFiltering - skip non existing resourceDirectory D:\Jag\wipro\June2024\all\Java\12-jun-spring-3\src\main\resources
2024-06-12 16:21:31,028 [Worker-140: Building] INFO  o.a.m.s.f.DefaultMavenResourcesFiltering - skip non existing resourceDirectory D:\Jag\wipro\June2024\all\Java\12-jun-spring-3\src\test\resources
2024-06-12 16:22:03,221 [Worker-134: Building] INFO  o.a.m.s.f.DefaultMavenResourcesFiltering - skip non existing resourceDirectory D:\Jag\wipro\June2024\all\Java\12-jun-spring-3\src\main\resources
2024-06-12 16:22:03,222 [Worker-134: Building] INFO  o.a.m.s.f.DefaultMavenResourcesFiltering - skip non existing resourceDirectory D:\Jag\wipro\June2024\all\Java\12-jun-spring-3\src\test\resources
2024-06-12 16:22:11,829 [Worker-134: Building] INFO  o.a.m.s.f.DefaultMavenResourcesFiltering - skip non existing resourceDirectory D:\Jag\wipro\June2024\all\Java\12-jun-spring-3\src\main\resources
2024-06-12 16:22:11,830 [Worker-134: Building] INFO  o.a.m.s.f.DefaultMavenResourcesFiltering - skip non existing resourceDirectory D:\Jag\wipro\June2024\all\Java\12-jun-spring-3\src\test\resources
2024-06-12 16:22:22,749 [Worker-134: Building] INFO  o.a.m.s.f.DefaultMavenResourcesFiltering - skip non existing resourceDirectory D:\Jag\wipro\June2024\all\Java\12-jun-spring-3\src\main\resources
2024-06-12 16:22:22,751 [Worker-134: Building] INFO  o.a.m.s.f.DefaultMavenResourcesFiltering - skip non existing resourceDirectory D:\Jag\wipro\June2024\all\Java\12-jun-spring-3\src\test\resources
2024-06-12 16:22:26,202 [Worker-129: Building] INFO  o.a.m.s.f.DefaultMavenResourcesFiltering - skip non existing resourceDirectory D:\Jag\wipro\June2024\all\Java\12-jun-spring-3\src\main\resources
2024-06-12 16:22:26,208 [Worker-129: Building] INFO  o.a.m.s.f.DefaultMavenResourcesFiltering - skip non existing resourceDirectory D:\Jag\wipro\June2024\all\Java\12-jun-spring-3\src\test\resources
2024-06-12 16:22:50,459 [Worker-141: Building] INFO  o.a.m.s.f.DefaultMavenResourcesFiltering - skip non existing resourceDirectory D:\Jag\wipro\June2024\all\Java\12-jun-spring-3\src\main\resources
2024-06-12 16:22:50,461 [Worker-141: Building] INFO  o.a.m.s.f.DefaultMavenResourcesFiltering - skip non existing resourceDirectory D:\Jag\wipro\June2024\all\Java\12-jun-spring-3\src\test\resources
2024-06-12 16:22:59,229 [Worker-143: Building] INFO  o.a.m.s.f.DefaultMavenResourcesFiltering - skip non existing resourceDirectory D:\Jag\wipro\June2024\all\Java\12-jun-spring-3\src\main\resources
2024-06-12 16:22:59,229 [Worker-143: Building] INFO  o.a.m.s.f.DefaultMavenResourcesFiltering - skip non existing resourceDirectory D:\Jag\wipro\June2024\all\Java\12-jun-spring-3\src\test\resources
2024-06-12 16:23:09,622 [Worker-129: Building] INFO  o.a.m.s.f.DefaultMavenResourcesFiltering - skip non existing resourceDirectory D:\Jag\wipro\June2024\all\Java\12-jun-spring-3\src\main\resources
2024-06-12 16:23:09,623 [Worker-129: Building] INFO  o.a.m.s.f.DefaultMavenResourcesFiltering - skip non existing resourceDirectory D:\Jag\wipro\June2024\all\Java\12-jun-spring-3\src\test\resources
2024-06-12 16:23:40,551 [Worker-143: Building] INFO  o.a.m.s.f.DefaultMavenResourcesFiltering - skip non existing resourceDirectory D:\Jag\wipro\June2024\all\Java\12-jun-spring-3\src\main\resources
2024-06-12 16:23:40,553 [Worker-143: Building] INFO  o.a.m.s.f.DefaultMavenResourcesFiltering - skip non existing resourceDirectory D:\Jag\wipro\June2024\all\Java\12-jun-spring-3\src\test\resources
2024-06-12 16:24:04,489 [Worker-139: Building] INFO  o.a.m.s.f.DefaultMavenResourcesFiltering - skip non existing resourceDirectory D:\Jag\wipro\June2024\all\Java\12-jun-spring-3\src\main\resources
2024-06-12 16:24:04,490 [Worker-139: Building] INFO  o.a.m.s.f.DefaultMavenResourcesFiltering - skip non existing resourceDirectory D:\Jag\wipro\June2024\all\Java\12-jun-spring-3\src\test\resources
2024-06-12 16:25:08,312 [Worker-142: Building] INFO  o.e.m.c.i.l.LifecycleMappingFactory - Using org.eclipse.m2e.jdt.JarLifecycleMapping lifecycle mapping for MavenProject: com.wipro.demo:12-jun-spring-1:0.0.1-SNAPSHOT @ D:\Jag\wipro\June2024\all\Java\12-jun-spring-4\pom.xml.
2024-06-12 16:25:08,379 [Worker-142: Building] INFO  o.a.m.s.f.DefaultMavenResourcesFiltering - skip non existing resourceDirectory D:\Jag\wipro\June2024\all\Java\12-jun-spring-4\src\main\resources
2024-06-12 16:25:08,381 [Worker-142: Building] INFO  o.a.m.s.f.DefaultMavenResourcesFiltering - skip non existing resourceDirectory D:\Jag\wipro\June2024\all\Java\12-jun-spring-4\src\test\resources
2024-06-12 16:25:09,588 [Worker-140: Building] INFO  o.a.m.s.f.DefaultMavenResourcesFiltering - skip non existing resourceDirectory D:\Jag\wipro\June2024\all\Java\12-jun-spring-4\src\main\resources
2024-06-12 16:25:09,590 [Worker-140: Building] INFO  o.a.m.s.f.DefaultMavenResourcesFiltering - skip non existing resourceDirectory D:\Jag\wipro\June2024\all\Java\12-jun-spring-4\src\test\resources
2024-06-12 16:25:21,170 [Worker-144: Building] INFO  o.a.m.s.f.DefaultMavenResourcesFiltering - skip non existing resourceDirectory D:\Jag\wipro\June2024\all\Java\12-jun-spring-4\src\main\resources
2024-06-12 16:25:21,171 [Worker-144: Building] INFO  o.a.m.s.f.DefaultMavenResourcesFiltering - skip non existing resourceDirectory D:\Jag\wipro\June2024\all\Java\12-jun-spring-4\src\test\resources
2024-06-12 16:25:39,129 [Worker-139: Building] INFO  o.a.m.s.f.DefaultMavenResourcesFiltering - skip non existing resourceDirectory D:\Jag\wipro\June2024\all\Java\12-jun-spring-4\src\main\resources
2024-06-12 16:25:39,131 [Worker-139: Building] INFO  o.a.m.s.f.DefaultMavenResourcesFiltering - skip non existing resourceDirectory D:\Jag\wipro\June2024\all\Java\12-jun-spring-4\src\test\resources
2024-06-12 16:25:59,883 [Worker-134: Building] INFO  o.a.m.s.f.DefaultMavenResourcesFiltering - skip non existing resourceDirectory D:\Jag\wipro\June2024\all\Java\12-jun-spring-4\src\main\resources
2024-06-12 16:25:59,884 [Worker-134: Building] INFO  o.a.m.s.f.DefaultMavenResourcesFiltering - skip non existing resourceDirectory D:\Jag\wipro\June2024\all\Java\12-jun-spring-4\src\test\resources
2024-06-12 16:26:05,056 [Worker-140: Building] INFO  o.a.m.s.f.DefaultMavenResourcesFiltering - skip non existing resourceDirectory D:\Jag\wipro\June2024\all\Java\12-jun-spring-4\src\main\resources
2024-06-12 16:26:05,058 [Worker-140: Building] INFO  o.a.m.s.f.DefaultMavenResourcesFiltering - skip non existing resourceDirectory D:\Jag\wipro\June2024\all\Java\12-jun-spring-4\src\test\resources
2024-06-12 16:26:11,237 [Worker-142: Building] INFO  o.a.m.s.f.DefaultMavenResourcesFiltering - skip non existing resourceDirectory D:\Jag\wipro\June2024\all\Java\12-jun-spring-4\src\main\resources
2024-06-12 16:26:11,238 [Worker-142: Building] INFO  o.a.m.s.f.DefaultMavenResourcesFiltering - skip non existing resourceDirectory D:\Jag\wipro\June2024\all\Java\12-jun-spring-4\src\test\resources
2024-06-12 16:26:37,721 [Worker-142: Building] INFO  o.a.m.s.f.DefaultMavenResourcesFiltering - skip non existing resourceDirectory D:\Jag\wipro\June2024\all\Java\12-jun-spring-4\src\main\resources
2024-06-12 16:26:37,722 [Worker-142: Building] INFO  o.a.m.s.f.DefaultMavenResourcesFiltering - skip non existing resourceDirectory D:\Jag\wipro\June2024\all\Java\12-jun-spring-4\src\test\resources
2024-06-12 16:27:27,722 [Worker-139: Building] INFO  o.a.m.s.f.DefaultMavenResourcesFiltering - skip non existing resourceDirectory D:\Jag\wipro\June2024\all\Java\12-jun-spring-4\src\main\resources
2024-06-12 16:27:27,723 [Worker-139: Building] INFO  o.a.m.s.f.DefaultMavenResourcesFiltering - skip non existing resourceDirectory D:\Jag\wipro\June2024\all\Java\12-jun-spring-4\src\test\resources
2024-06-12 16:28:27,196 [Worker-139: Building] INFO  o.e.m.c.i.l.LifecycleMappingFactory - Using org.eclipse.m2e.jdt.JarLifecycleMapping lifecycle mapping for MavenProject: com.wipro.demo:12-jun-spring-1:0.0.1-SNAPSHOT @ D:\Jag\wipro\June2024\all\Java\12-jun-spring-5\pom.xml.
2024-06-12 16:28:27,258 [Worker-139: Building] INFO  o.a.m.s.f.DefaultMavenResourcesFiltering - skip non existing resourceDirectory D:\Jag\wipro\June2024\all\Java\12-jun-spring-5\src\main\resources
2024-06-12 16:28:27,260 [Worker-139: Building] INFO  o.a.m.s.f.DefaultMavenResourcesFiltering - skip non existing resourceDirectory D:\Jag\wipro\June2024\all\Java\12-jun-spring-5\src\test\resources
2024-06-12 16:28:28,494 [Worker-140: Building] INFO  o.a.m.s.f.DefaultMavenResourcesFiltering - skip non existing resourceDirectory D:\Jag\wipro\June2024\all\Java\12-jun-spring-5\src\main\resources
2024-06-12 16:28:28,496 [Worker-140: Building] INFO  o.a.m.s.f.DefaultMavenResourcesFiltering - skip non existing resourceDirectory D:\Jag\wipro\June2024\all\Java\12-jun-spring-5\src\test\resources
2024-06-12 16:28:48,212 [Worker-134: Building] INFO  o.a.m.s.f.DefaultMavenResourcesFiltering - skip non existing resourceDirectory D:\Jag\wipro\June2024\all\Java\12-jun-spring-5\src\main\resources
2024-06-12 16:28:48,214 [Worker-134: Building] INFO  o.a.m.s.f.DefaultMavenResourcesFiltering - skip non existing resourceDirectory D:\Jag\wipro\June2024\all\Java\12-jun-spring-5\src\test\resources
2024-06-12 16:28:55,591 [Worker-144: Building] INFO  o.a.m.s.f.DefaultMavenResourcesFiltering - skip non existing resourceDirectory D:\Jag\wipro\June2024\all\Java\12-jun-spring-5\src\main\resources
2024-06-12 16:28:55,593 [Worker-144: Building] INFO  o.a.m.s.f.DefaultMavenResourcesFiltering - skip non existing resourceDirectory D:\Jag\wipro\June2024\all\Java\12-jun-spring-5\src\test\resources
2024-06-12 16:29:06,636 [Worker-144: Building] INFO  o.a.m.s.f.DefaultMavenResourcesFiltering - skip non existing resourceDirectory D:\Jag\wipro\June2024\all\Java\12-jun-spring-5\src\main\resources
2024-06-12 16:29:06,637 [Worker-144: Building] INFO  o.a.m.s.f.DefaultMavenResourcesFiltering - skip non existing resourceDirectory D:\Jag\wipro\June2024\all\Java\12-jun-spring-5\src\test\resources
2024-06-12 16:29:53,678 [Worker-141: Building] INFO  o.a.m.s.f.DefaultMavenResourcesFiltering - skip non existing resourceDirectory D:\Jag\wipro\June2024\all\Java\12-jun-spring-5\src\main\resources
2024-06-12 16:29:53,680 [Worker-141: Building] INFO  o.a.m.s.f.DefaultMavenResourcesFiltering - skip non existing resourceDirectory D:\Jag\wipro\June2024\all\Java\12-jun-spring-5\src\test\resources
2024-06-12 16:29:59,356 [Worker-144: Building] INFO  o.a.m.s.f.DefaultMavenResourcesFiltering - skip non existing resourceDirectory D:\Jag\wipro\June2024\all\Java\12-jun-spring-5\src\main\resources
2024-06-12 16:29:59,357 [Worker-144: Building] INFO  o.a.m.s.f.DefaultMavenResourcesFiltering - skip non existing resourceDirectory D:\Jag\wipro\June2024\all\Java\12-jun-spring-5\src\test\resources
2024-06-12 16:30:04,090 [Worker-144: Building] INFO  o.a.m.s.f.DefaultMavenResourcesFiltering - skip non existing resourceDirectory D:\Jag\wipro\June2024\all\Java\12-jun-spring-5\src\main\resources
2024-06-12 16:30:04,091 [Worker-144: Building] INFO  o.a.m.s.f.DefaultMavenResourcesFiltering - skip non existing resourceDirectory D:\Jag\wipro\June2024\all\Java\12-jun-spring-5\src\test\resources
2024-06-12 16:30:48,226 [Worker-143: Building] INFO  o.a.m.s.f.DefaultMavenResourcesFiltering - skip non existing resourceDirectory D:\Jag\wipro\June2024\all\Java\12-jun-spring-5\src\main\resources
2024-06-12 16:30:48,227 [Worker-143: Building] INFO  o.a.m.s.f.DefaultMavenResourcesFiltering - skip non existing resourceDirectory D:\Jag\wipro\June2024\all\Java\12-jun-spring-5\src\test\resources
2024-06-12 16:32:05,771 [Worker-144: Building] INFO  o.a.m.s.f.DefaultMavenResourcesFiltering - skip non existing resourceDirectory D:\Jag\wipro\June2024\all\Java\12-jun-spring-5\src\main\resources
2024-06-12 16:32:05,772 [Worker-144: Building] INFO  o.a.m.s.f.DefaultMavenResourcesFiltering - skip non existing resourceDirectory D:\Jag\wipro\June2024\all\Java\12-jun-spring-5\src\test\resources
2024-06-12 16:44:03,255 [Worker-146: Building] INFO  o.a.m.s.f.DefaultMavenResourcesFiltering - skip non existing resourceDirectory D:\Jag\wipro\June2024\all\Java\12-jun-spring-5\src\main\resources
2024-06-12 16:44:03,259 [Worker-146: Building] INFO  o.a.m.s.f.DefaultMavenResourcesFiltering - skip non existing resourceDirectory D:\Jag\wipro\June2024\all\Java\12-jun-spring-5\src\test\resources
2024-06-12 16:44:19,458 [Worker-141: Building] INFO  o.a.m.s.f.DefaultMavenResourcesFiltering - skip non existing resourceDirectory D:\Jag\wipro\June2024\all\Java\12-jun-spring-5\src\main\resources
2024-06-12 16:44:19,459 [Worker-141: Building] INFO  o.a.m.s.f.DefaultMavenResourcesFiltering - skip non existing resourceDirectory D:\Jag\wipro\June2024\all\Java\12-jun-spring-5\src\test\resources
2024-06-12 17:06:56,175 [Worker-146: Launching mavenrun-00c29734-d1e8-48a8-90a3-e00b596a7f81] INFO  o.eclipse.m2e.core.internal.Bundles - getClasspathEntries(Bundle=org.eclipse.m2e.maven.runtime_3.9.500.20231113-2345 [346])
2024-06-12 17:06:56,176 [Worker-146: Launching mavenrun-00c29734-d1e8-48a8-90a3-e00b596a7f81] INFO  o.eclipse.m2e.core.internal.Bundles - 	Entry: D:\Softwares\sts-4.21.1.RELEASE\plugins\org.eclipse.m2e.maven.runtime_3.9.500.20231113-2345
2024-06-12 17:06:56,176 [Worker-146: Launching mavenrun-00c29734-d1e8-48a8-90a3-e00b596a7f81] INFO  o.eclipse.m2e.core.internal.Bundles - 	Entry: D:\Softwares\sts-4.21.1.RELEASE\plugins\org.eclipse.m2e.maven.runtime_3.9.500.20231113-2345\jars\aopalliance-1.0.jar
2024-06-12 17:06:56,176 [Worker-146: Launching mavenrun-00c29734-d1e8-48a8-90a3-e00b596a7f81] INFO  o.eclipse.m2e.core.internal.Bundles - 	Entry: D:\Softwares\sts-4.21.1.RELEASE\plugins\org.eclipse.m2e.maven.runtime_3.9.500.20231113-2345\jars\guice-5.1.0.jar
2024-06-12 17:06:56,176 [Worker-146: Launching mavenrun-00c29734-d1e8-48a8-90a3-e00b596a7f81] INFO  o.eclipse.m2e.core.internal.Bundles - 	Entry: D:\Softwares\sts-4.21.1.RELEASE\plugins\org.eclipse.m2e.maven.runtime_3.9.500.20231113-2345\jars\httpclient-4.5.14.jar
2024-06-12 17:06:56,176 [Worker-146: Launching mavenrun-00c29734-d1e8-48a8-90a3-e00b596a7f81] INFO  o.eclipse.m2e.core.internal.Bundles - 	Entry: D:\Softwares\sts-4.21.1.RELEASE\plugins\org.eclipse.m2e.maven.runtime_3.9.500.20231113-2345\jars\httpcore-4.4.16.jar
2024-06-12 17:06:56,176 [Worker-146: Launching mavenrun-00c29734-d1e8-48a8-90a3-e00b596a7f81] INFO  o.eclipse.m2e.core.internal.Bundles - 	Entry: D:\Softwares\sts-4.21.1.RELEASE\plugins\org.eclipse.m2e.maven.runtime_3.9.500.20231113-2345\jars\jansi-2.4.0.jar
2024-06-12 17:06:56,176 [Worker-146: Launching mavenrun-00c29734-d1e8-48a8-90a3-e00b596a7f81] INFO  o.eclipse.m2e.core.internal.Bundles - 	Entry: D:\Softwares\sts-4.21.1.RELEASE\plugins\org.eclipse.m2e.maven.runtime_3.9.500.20231113-2345\jars\jcl-over-slf4j-1.7.36.jar
2024-06-12 17:06:56,177 [Worker-146: Launching mavenrun-00c29734-d1e8-48a8-90a3-e00b596a7f81] INFO  o.eclipse.m2e.core.internal.Bundles - 	Entry: D:\Softwares\sts-4.21.1.RELEASE\plugins\org.eclipse.m2e.maven.runtime_3.9.500.20231113-2345\jars\maven-artifact-3.9.5.jar
2024-06-12 17:06:56,177 [Worker-146: Launching mavenrun-00c29734-d1e8-48a8-90a3-e00b596a7f81] INFO  o.eclipse.m2e.core.internal.Bundles - 	Entry: D:\Softwares\sts-4.21.1.RELEASE\plugins\org.eclipse.m2e.maven.runtime_3.9.500.20231113-2345\jars\maven-builder-support-3.9.5.jar
2024-06-12 17:06:56,177 [Worker-146: Launching mavenrun-00c29734-d1e8-48a8-90a3-e00b596a7f81] INFO  o.eclipse.m2e.core.internal.Bundles - 	Entry: D:\Softwares\sts-4.21.1.RELEASE\plugins\org.eclipse.m2e.maven.runtime_3.9.500.20231113-2345\jars\maven-compat-3.9.5.jar
2024-06-12 17:06:56,177 [Worker-146: Launching mavenrun-00c29734-d1e8-48a8-90a3-e00b596a7f81] INFO  o.eclipse.m2e.core.internal.Bundles - 	Entry: D:\Softwares\sts-4.21.1.RELEASE\plugins\org.eclipse.m2e.maven.runtime_3.9.500.20231113-2345\jars\maven-core-3.9.5.jar
2024-06-12 17:06:56,177 [Worker-146: Launching mavenrun-00c29734-d1e8-48a8-90a3-e00b596a7f81] INFO  o.eclipse.m2e.core.internal.Bundles - 	Entry: D:\Softwares\sts-4.21.1.RELEASE\plugins\org.eclipse.m2e.maven.runtime_3.9.500.20231113-2345\jars\maven-embedder-3.9.5.jar
2024-06-12 17:06:56,177 [Worker-146: Launching mavenrun-00c29734-d1e8-48a8-90a3-e00b596a7f81] INFO  o.eclipse.m2e.core.internal.Bundles - 	Entry: D:\Softwares\sts-4.21.1.RELEASE\plugins\org.eclipse.m2e.maven.runtime_3.9.500.20231113-2345\jars\maven-model-3.9.5.jar
2024-06-12 17:06:56,177 [Worker-146: Launching mavenrun-00c29734-d1e8-48a8-90a3-e00b596a7f81] INFO  o.eclipse.m2e.core.internal.Bundles - 	Entry: D:\Softwares\sts-4.21.1.RELEASE\plugins\org.eclipse.m2e.maven.runtime_3.9.500.20231113-2345\jars\maven-model-builder-3.9.5.jar
2024-06-12 17:06:56,177 [Worker-146: Launching mavenrun-00c29734-d1e8-48a8-90a3-e00b596a7f81] INFO  o.eclipse.m2e.core.internal.Bundles - 	Entry: D:\Softwares\sts-4.21.1.RELEASE\plugins\org.eclipse.m2e.maven.runtime_3.9.500.20231113-2345\jars\maven-plugin-api-3.9.5.jar
2024-06-12 17:06:56,177 [Worker-146: Launching mavenrun-00c29734-d1e8-48a8-90a3-e00b596a7f81] INFO  o.eclipse.m2e.core.internal.Bundles - 	Entry: D:\Softwares\sts-4.21.1.RELEASE\plugins\org.eclipse.m2e.maven.runtime_3.9.500.20231113-2345\jars\maven-repository-metadata-3.9.5.jar
2024-06-12 17:06:56,177 [Worker-146: Launching mavenrun-00c29734-d1e8-48a8-90a3-e00b596a7f81] INFO  o.eclipse.m2e.core.internal.Bundles - 	Entry: D:\Softwares\sts-4.21.1.RELEASE\plugins\org.eclipse.m2e.maven.runtime_3.9.500.20231113-2345\jars\maven-resolver-api-1.9.16.jar
2024-06-12 17:06:56,177 [Worker-146: Launching mavenrun-00c29734-d1e8-48a8-90a3-e00b596a7f81] INFO  o.eclipse.m2e.core.internal.Bundles - 	Entry: D:\Softwares\sts-4.21.1.RELEASE\plugins\org.eclipse.m2e.maven.runtime_3.9.500.20231113-2345\jars\maven-resolver-connector-basic-1.9.16.jar
2024-06-12 17:06:56,177 [Worker-146: Launching mavenrun-00c29734-d1e8-48a8-90a3-e00b596a7f81] INFO  o.eclipse.m2e.core.internal.Bundles - 	Entry: D:\Softwares\sts-4.21.1.RELEASE\plugins\org.eclipse.m2e.maven.runtime_3.9.500.20231113-2345\jars\maven-resolver-impl-1.9.16.jar
2024-06-12 17:06:56,177 [Worker-146: Launching mavenrun-00c29734-d1e8-48a8-90a3-e00b596a7f81] INFO  o.eclipse.m2e.core.internal.Bundles - 	Entry: D:\Softwares\sts-4.21.1.RELEASE\plugins\org.eclipse.m2e.maven.runtime_3.9.500.20231113-2345\jars\maven-resolver-named-locks-1.9.16.jar
2024-06-12 17:06:56,178 [Worker-146: Launching mavenrun-00c29734-d1e8-48a8-90a3-e00b596a7f81] INFO  o.eclipse.m2e.core.internal.Bundles - 	Entry: D:\Softwares\sts-4.21.1.RELEASE\plugins\org.eclipse.m2e.maven.runtime_3.9.500.20231113-2345\jars\maven-resolver-provider-3.9.5.jar
2024-06-12 17:06:56,178 [Worker-146: Launching mavenrun-00c29734-d1e8-48a8-90a3-e00b596a7f81] INFO  o.eclipse.m2e.core.internal.Bundles - 	Entry: D:\Softwares\sts-4.21.1.RELEASE\plugins\org.eclipse.m2e.maven.runtime_3.9.500.20231113-2345\jars\maven-resolver-spi-1.9.16.jar
2024-06-12 17:06:56,178 [Worker-146: Launching mavenrun-00c29734-d1e8-48a8-90a3-e00b596a7f81] INFO  o.eclipse.m2e.core.internal.Bundles - 	Entry: D:\Softwares\sts-4.21.1.RELEASE\plugins\org.eclipse.m2e.maven.runtime_3.9.500.20231113-2345\jars\maven-resolver-transport-file-1.9.16.jar
2024-06-12 17:06:56,178 [Worker-146: Launching mavenrun-00c29734-d1e8-48a8-90a3-e00b596a7f81] INFO  o.eclipse.m2e.core.internal.Bundles - 	Entry: D:\Softwares\sts-4.21.1.RELEASE\plugins\org.eclipse.m2e.maven.runtime_3.9.500.20231113-2345\jars\maven-resolver-transport-http-1.9.16.jar
2024-06-12 17:06:56,178 [Worker-146: Launching mavenrun-00c29734-d1e8-48a8-90a3-e00b596a7f81] INFO  o.eclipse.m2e.core.internal.Bundles - 	Entry: D:\Softwares\sts-4.21.1.RELEASE\plugins\org.eclipse.m2e.maven.runtime_3.9.500.20231113-2345\jars\maven-resolver-transport-wagon-1.9.16.jar
2024-06-12 17:06:56,178 [Worker-146: Launching mavenrun-00c29734-d1e8-48a8-90a3-e00b596a7f81] INFO  o.eclipse.m2e.core.internal.Bundles - 	Entry: D:\Softwares\sts-4.21.1.RELEASE\plugins\org.eclipse.m2e.maven.runtime_3.9.500.20231113-2345\jars\maven-resolver-util-1.9.16.jar
2024-06-12 17:06:56,178 [Worker-146: Launching mavenrun-00c29734-d1e8-48a8-90a3-e00b596a7f81] INFO  o.eclipse.m2e.core.internal.Bundles - 	Entry: D:\Softwares\sts-4.21.1.RELEASE\plugins\org.eclipse.m2e.maven.runtime_3.9.500.20231113-2345\jars\maven-settings-3.9.5.jar
2024-06-12 17:06:56,178 [Worker-146: Launching mavenrun-00c29734-d1e8-48a8-90a3-e00b596a7f81] INFO  o.eclipse.m2e.core.internal.Bundles - 	Entry: D:\Softwares\sts-4.21.1.RELEASE\plugins\org.eclipse.m2e.maven.runtime_3.9.500.20231113-2345\jars\maven-settings-builder-3.9.5.jar
2024-06-12 17:06:56,178 [Worker-146: Launching mavenrun-00c29734-d1e8-48a8-90a3-e00b596a7f81] INFO  o.eclipse.m2e.core.internal.Bundles - 	Entry: D:\Softwares\sts-4.21.1.RELEASE\plugins\org.eclipse.m2e.maven.runtime_3.9.500.20231113-2345\jars\maven-shared-utils-3.3.4.jar
2024-06-12 17:06:56,178 [Worker-146: Launching mavenrun-00c29734-d1e8-48a8-90a3-e00b596a7f81] INFO  o.eclipse.m2e.core.internal.Bundles - 	Entry: D:\Softwares\sts-4.21.1.RELEASE\plugins\org.eclipse.m2e.maven.runtime_3.9.500.20231113-2345\jars\org.eclipse.sisu.inject-0.3.5.jar
2024-06-12 17:06:56,178 [Worker-146: Launching mavenrun-00c29734-d1e8-48a8-90a3-e00b596a7f81] INFO  o.eclipse.m2e.core.internal.Bundles - 	Entry: D:\Softwares\sts-4.21.1.RELEASE\plugins\org.eclipse.m2e.maven.runtime_3.9.500.20231113-2345\jars\org.eclipse.sisu.plexus-0.3.5.jar
2024-06-12 17:06:56,178 [Worker-146: Launching mavenrun-00c29734-d1e8-48a8-90a3-e00b596a7f81] INFO  o.eclipse.m2e.core.internal.Bundles - 	Entry: D:\Softwares\sts-4.21.1.RELEASE\plugins\org.eclipse.m2e.maven.runtime_3.9.500.20231113-2345\jars\plexus-build-api-0.0.7.jar
2024-06-12 17:06:56,178 [Worker-146: Launching mavenrun-00c29734-d1e8-48a8-90a3-e00b596a7f81] INFO  o.eclipse.m2e.core.internal.Bundles - 	Entry: D:\Softwares\sts-4.21.1.RELEASE\plugins\org.eclipse.m2e.maven.runtime_3.9.500.20231113-2345\jars\plexus-cipher-2.0.jar
2024-06-12 17:06:56,178 [Worker-146: Launching mavenrun-00c29734-d1e8-48a8-90a3-e00b596a7f81] INFO  o.eclipse.m2e.core.internal.Bundles - 	Entry: D:\Softwares\sts-4.21.1.RELEASE\plugins\org.eclipse.m2e.maven.runtime_3.9.500.20231113-2345\jars\plexus-classworlds-2.7.0.jar
2024-06-12 17:06:56,179 [Worker-146: Launching mavenrun-00c29734-d1e8-48a8-90a3-e00b596a7f81] INFO  o.eclipse.m2e.core.internal.Bundles - 	Entry: D:\Softwares\sts-4.21.1.RELEASE\plugins\org.eclipse.m2e.maven.runtime_3.9.500.20231113-2345\jars\plexus-component-annotations-2.1.0.jar
2024-06-12 17:06:56,179 [Worker-146: Launching mavenrun-00c29734-d1e8-48a8-90a3-e00b596a7f81] INFO  o.eclipse.m2e.core.internal.Bundles - 	Entry: D:\Softwares\sts-4.21.1.RELEASE\plugins\org.eclipse.m2e.maven.runtime_3.9.500.20231113-2345\jars\plexus-interpolation-1.26.jar
2024-06-12 17:06:56,179 [Worker-146: Launching mavenrun-00c29734-d1e8-48a8-90a3-e00b596a7f81] INFO  o.eclipse.m2e.core.internal.Bundles - 	Entry: D:\Softwares\sts-4.21.1.RELEASE\plugins\org.eclipse.m2e.maven.runtime_3.9.500.20231113-2345\jars\plexus-sec-dispatcher-2.0.jar
2024-06-12 17:06:56,179 [Worker-146: Launching mavenrun-00c29734-d1e8-48a8-90a3-e00b596a7f81] INFO  o.eclipse.m2e.core.internal.Bundles - 	Entry: D:\Softwares\sts-4.21.1.RELEASE\plugins\org.eclipse.m2e.maven.runtime_3.9.500.20231113-2345\jars\plexus-utils-3.5.1.jar
2024-06-12 17:06:56,179 [Worker-146: Launching mavenrun-00c29734-d1e8-48a8-90a3-e00b596a7f81] INFO  o.eclipse.m2e.core.internal.Bundles - 	Entry: D:\Softwares\sts-4.21.1.RELEASE\plugins\org.eclipse.m2e.maven.runtime_3.9.500.20231113-2345\jars\wagon-file-3.5.3.jar
2024-06-12 17:06:56,179 [Worker-146: Launching mavenrun-00c29734-d1e8-48a8-90a3-e00b596a7f81] INFO  o.eclipse.m2e.core.internal.Bundles - 	Entry: D:\Softwares\sts-4.21.1.RELEASE\plugins\org.eclipse.m2e.maven.runtime_3.9.500.20231113-2345\jars\wagon-http-3.5.3.jar
2024-06-12 17:06:56,179 [Worker-146: Launching mavenrun-00c29734-d1e8-48a8-90a3-e00b596a7f81] INFO  o.eclipse.m2e.core.internal.Bundles - 	Entry: D:\Softwares\sts-4.21.1.RELEASE\plugins\org.eclipse.m2e.maven.runtime_3.9.500.20231113-2345\jars\wagon-http-shared-3.5.3.jar
2024-06-12 17:06:56,179 [Worker-146: Launching mavenrun-00c29734-d1e8-48a8-90a3-e00b596a7f81] INFO  o.eclipse.m2e.core.internal.Bundles - 	Entry: D:\Softwares\sts-4.21.1.RELEASE\plugins\org.eclipse.m2e.maven.runtime_3.9.500.20231113-2345\jars\wagon-provider-api-3.5.3.jar
2024-06-12 17:06:56,180 [Worker-146: Launching mavenrun-00c29734-d1e8-48a8-90a3-e00b596a7f81] INFO  o.eclipse.m2e.core.internal.Bundles - getClasspathEntries(Bundle=com.google.guava_33.0.0.jre [25])
2024-06-12 17:06:56,194 [Worker-146: Launching mavenrun-00c29734-d1e8-48a8-90a3-e00b596a7f81] INFO  o.eclipse.m2e.core.internal.Bundles - 	Entry: D:\Softwares\sts-4.21.1.RELEASE\plugins\com.google.guava_33.0.0.jre.jar
2024-06-12 17:06:56,194 [Worker-146: Launching mavenrun-00c29734-d1e8-48a8-90a3-e00b596a7f81] INFO  o.eclipse.m2e.core.internal.Bundles - getClasspathEntries(Bundle=slf4j.api_2.0.9 [573])
2024-06-12 17:06:56,194 [Worker-146: Launching mavenrun-00c29734-d1e8-48a8-90a3-e00b596a7f81] INFO  o.eclipse.m2e.core.internal.Bundles - 	Entry: D:\Softwares\sts-4.21.1.RELEASE\plugins\slf4j.api_2.0.9.jar
2024-06-12 17:06:56,194 [Worker-146: Launching mavenrun-00c29734-d1e8-48a8-90a3-e00b596a7f81] INFO  o.eclipse.m2e.core.internal.Bundles - getClasspathEntries(Bundle=jakarta.inject.jakarta.inject-api_1.0.5 [41])
2024-06-12 17:06:56,194 [Worker-146: Launching mavenrun-00c29734-d1e8-48a8-90a3-e00b596a7f81] INFO  o.eclipse.m2e.core.internal.Bundles - 	Entry: D:\Softwares\sts-4.21.1.RELEASE\plugins\jakarta.inject.jakarta.inject-api_1.0.5.jar
2024-06-12 17:06:56,195 [Worker-146: Launching mavenrun-00c29734-d1e8-48a8-90a3-e00b596a7f81] INFO  o.eclipse.m2e.core.internal.Bundles - getClasspathEntries(Bundle=jakarta.annotation-api_1.3.5 [37])
2024-06-12 17:06:56,195 [Worker-146: Launching mavenrun-00c29734-d1e8-48a8-90a3-e00b596a7f81] INFO  o.eclipse.m2e.core.internal.Bundles - 	Entry: D:\Softwares\sts-4.21.1.RELEASE\plugins\jakarta.annotation-api_1.3.5.jar
2024-06-12 17:06:56,195 [Worker-146: Launching mavenrun-00c29734-d1e8-48a8-90a3-e00b596a7f81] INFO  o.eclipse.m2e.core.internal.Bundles - getClasspathEntries(Bundle=org.apache.commons.cli_1.6.0 [71])
2024-06-12 17:06:56,227 [Worker-146: Launching mavenrun-00c29734-d1e8-48a8-90a3-e00b596a7f81] INFO  o.eclipse.m2e.core.internal.Bundles - 	Entry: D:\Softwares\sts-4.21.1.RELEASE\plugins\org.apache.commons.cli_1.6.0.jar
2024-06-12 17:06:56,227 [Worker-146: Launching mavenrun-00c29734-d1e8-48a8-90a3-e00b596a7f81] INFO  o.eclipse.m2e.core.internal.Bundles - getClasspathEntries(Bundle=org.apache.commons.commons-codec_1.16.0 [73])
2024-06-12 17:06:56,243 [Worker-146: Launching mavenrun-00c29734-d1e8-48a8-90a3-e00b596a7f81] INFO  o.eclipse.m2e.core.internal.Bundles - 	Entry: D:\Softwares\sts-4.21.1.RELEASE\plugins\org.apache.commons.commons-codec_1.16.0.jar
2024-06-12 17:06:56,243 [Worker-146: Launching mavenrun-00c29734-d1e8-48a8-90a3-e00b596a7f81] INFO  o.eclipse.m2e.core.internal.Bundles - getClasspathEntries(Bundle=org.apache.commons.lang3_3.13.0 [77])
2024-06-12 17:06:56,253 [Worker-146: Launching mavenrun-00c29734-d1e8-48a8-90a3-e00b596a7f81] INFO  o.eclipse.m2e.core.internal.Bundles - 	Entry: D:\Softwares\sts-4.21.1.RELEASE\plugins\org.apache.commons.lang3_3.13.0.jar
2024-06-12 17:06:56,253 [Worker-146: Launching mavenrun-00c29734-d1e8-48a8-90a3-e00b596a7f81] INFO  o.eclipse.m2e.core.internal.Bundles - getClasspathEntries(Bundle=com.google.guava.failureaccess_1.0.2 [27])
2024-06-12 17:06:56,262 [Worker-146: Launching mavenrun-00c29734-d1e8-48a8-90a3-e00b596a7f81] INFO  o.eclipse.m2e.core.internal.Bundles - 	Entry: D:\Softwares\sts-4.21.1.RELEASE\plugins\com.google.guava.failureaccess_1.0.2.jar
2024-06-12 17:06:56,277 [Worker-146: Launching mavenrun-00c29734-d1e8-48a8-90a3-e00b596a7f81] INFO  o.e.m.i.launch.MavenLaunchDelegate - Run build in "C:\Users\rjaga\AppData\Local\Temp\m2e-archetypeGenerator14765185516833404145":
2024-06-12 17:06:56,277 [Worker-146: Launching mavenrun-00c29734-d1e8-48a8-90a3-e00b596a7f81] INFO  o.e.m.i.launch.MavenLaunchDelegate -  mvn  -DarchetypeGroupId=org.apache.maven.archetypes -DarchetypeArtifactId=maven-archetype-quickstart -DarchetypeVersion=1.1 -DgroupId=com.wipro.demo -DartifactId=12-jun-loosely-coupled -Dversion=0.0.1-SNAPSHOT -Dpackage=com.wipro.demo -DoutputDirectory=D:\Jag\wipro\June2024\all\Java -Dstyle.color=always -U archetype:generate
2024-06-12 17:07:16,017 [Worker-141: Creating maven-archetype-quickstart] INFO  o.e.m.c.i.p.ProjectConfigurationManager - Collecting project info '/pom.xml' D:\Jag\wipro\June2024\all\Java\12-jun-loosely-coupled\pom.xml
2024-06-12 17:07:16,571 [Worker-141: Creating maven-archetype-quickstart] INFO  o.e.m.c.i.l.LifecycleMappingFactory - Using org.eclipse.m2e.jdt.JarLifecycleMapping lifecycle mapping for MavenProject: com.wipro.demo:12-jun-loosely-coupled:0.0.1-SNAPSHOT @ D:\Jag\wipro\June2024\all\Java\12-jun-loosely-coupled\pom.xml.
2024-06-12 17:07:17,458 [Worker-141: Creating maven-archetype-quickstart] INFO  o.e.m.j.i.AbstractJavaProjectConfigurator - Adding source folder /12-jun-loosely-coupled/src/main/java
2024-06-12 17:07:17,458 [Worker-141: Creating maven-archetype-quickstart] INFO  o.e.m.j.i.AbstractJavaProjectConfigurator - Adding resource folder /12-jun-loosely-coupled/src/main/resources
2024-06-12 17:07:17,482 [Worker-141: Creating maven-archetype-quickstart] INFO  o.e.m.j.i.AbstractJavaProjectConfigurator - Adding source folder /12-jun-loosely-coupled/src/test/java
2024-06-12 17:07:17,482 [Worker-141: Creating maven-archetype-quickstart] INFO  o.e.m.j.i.AbstractJavaProjectConfigurator - Adding resource folder /12-jun-loosely-coupled/src/test/resources
2024-06-12 17:07:17,845 [Worker-141: Creating maven-archetype-quickstart] INFO  o.e.m.c.i.p.ProjectConfigurationManager - Imported and configured 1 project(s) in 1 sec
2024-06-12 17:07:18,988 [Worker-141: Building] INFO  o.a.m.s.f.DefaultMavenResourcesFiltering - skip non existing resourceDirectory D:\Jag\wipro\June2024\all\Java\12-jun-loosely-coupled\src\main\resources
2024-06-12 17:07:18,991 [Worker-141: Building] INFO  o.a.m.s.f.DefaultMavenResourcesFiltering - skip non existing resourceDirectory D:\Jag\wipro\June2024\all\Java\12-jun-loosely-coupled\src\test\resources
2024-06-12 17:07:41,110 [Worker-152: Building] INFO  o.e.m.c.i.l.LifecycleMappingFactory - Using org.eclipse.m2e.jdt.JarLifecycleMapping lifecycle mapping for MavenProject: com.wipro.demo:12-jun-loosely-coupled:0.0.1-SNAPSHOT @ D:\Jag\wipro\June2024\all\Java\12-jun-loosely-coupled\pom.xml.
2024-06-12 17:07:41,215 [Worker-152: Building] INFO  o.a.m.s.f.DefaultMavenResourcesFiltering - skip non existing resourceDirectory D:\Jag\wipro\June2024\all\Java\12-jun-loosely-coupled\src\main\resources
2024-06-12 17:07:41,216 [Worker-152: Building] INFO  o.a.m.s.f.DefaultMavenResourcesFiltering - skip non existing resourceDirectory D:\Jag\wipro\June2024\all\Java\12-jun-loosely-coupled\src\test\resources
2024-06-12 17:07:43,374 [Worker-141: Building] INFO  o.e.m.c.i.l.LifecycleMappingFactory - Using org.eclipse.m2e.jdt.JarLifecycleMapping lifecycle mapping for MavenProject: com.wipro.demo:12-jun-loosely-coupled:0.0.1-SNAPSHOT @ D:\Jag\wipro\June2024\all\Java\12-jun-loosely-coupled\pom.xml.
2024-06-12 17:07:43,426 [Worker-141: Building] INFO  o.a.m.s.f.DefaultMavenResourcesFiltering - skip non existing resourceDirectory D:\Jag\wipro\June2024\all\Java\12-jun-loosely-coupled\src\main\resources
2024-06-12 17:07:43,427 [Worker-141: Building] INFO  o.a.m.s.f.DefaultMavenResourcesFiltering - skip non existing resourceDirectory D:\Jag\wipro\June2024\all\Java\12-jun-loosely-coupled\src\test\resources
2024-06-12 17:08:20,819 [Worker-152: Building] INFO  o.a.m.s.f.DefaultMavenResourcesFiltering - skip non existing resourceDirectory D:\Jag\wipro\June2024\all\Java\12-jun-loosely-coupled\src\main\resources
2024-06-12 17:08:20,820 [Worker-152: Building] INFO  o.a.m.s.f.DefaultMavenResourcesFiltering - skip non existing resourceDirectory D:\Jag\wipro\June2024\all\Java\12-jun-loosely-coupled\src\test\resources
2024-06-12 17:08:37,491 [Worker-153: Building] INFO  o.a.m.s.f.DefaultMavenResourcesFiltering - skip non existing resourceDirectory D:\Jag\wipro\June2024\all\Java\12-jun-loosely-coupled\src\main\resources
2024-06-12 17:08:37,498 [Worker-153: Building] INFO  o.a.m.s.f.DefaultMavenResourcesFiltering - skip non existing resourceDirectory D:\Jag\wipro\June2024\all\Java\12-jun-loosely-coupled\src\test\resources
2024-06-12 17:08:55,471 [Worker-141: Building] INFO  o.a.m.s.f.DefaultMavenResourcesFiltering - skip non existing resourceDirectory D:\Jag\wipro\June2024\all\Java\12-jun-loosely-coupled\src\main\resources
2024-06-12 17:08:55,473 [Worker-141: Building] INFO  o.a.m.s.f.DefaultMavenResourcesFiltering - skip non existing resourceDirectory D:\Jag\wipro\June2024\all\Java\12-jun-loosely-coupled\src\test\resources
2024-06-12 17:09:10,448 [Worker-152: Building] INFO  o.a.m.s.f.DefaultMavenResourcesFiltering - skip non existing resourceDirectory D:\Jag\wipro\June2024\all\Java\12-jun-loosely-coupled\src\main\resources
2024-06-12 17:09:10,450 [Worker-152: Building] INFO  o.a.m.s.f.DefaultMavenResourcesFiltering - skip non existing resourceDirectory D:\Jag\wipro\June2024\all\Java\12-jun-loosely-coupled\src\test\resources
2024-06-12 17:09:17,739 [Worker-141: Building] INFO  o.a.m.s.f.DefaultMavenResourcesFiltering - skip non existing resourceDirectory D:\Jag\wipro\June2024\all\Java\12-jun-loosely-coupled\src\main\resources
2024-06-12 17:09:17,741 [Worker-141: Building] INFO  o.a.m.s.f.DefaultMavenResourcesFiltering - skip non existing resourceDirectory D:\Jag\wipro\June2024\all\Java\12-jun-loosely-coupled\src\test\resources
2024-06-12 17:09:37,589 [Worker-149: Building] INFO  o.a.m.s.f.DefaultMavenResourcesFiltering - skip non existing resourceDirectory D:\Jag\wipro\June2024\all\Java\12-jun-loosely-coupled\src\main\resources
2024-06-12 17:09:37,590 [Worker-149: Building] INFO  o.a.m.s.f.DefaultMavenResourcesFiltering - skip non existing resourceDirectory D:\Jag\wipro\June2024\all\Java\12-jun-loosely-coupled\src\test\resources
2024-06-12 17:09:45,972 [Worker-146: Building] INFO  o.a.m.s.f.DefaultMavenResourcesFiltering - skip non existing resourceDirectory D:\Jag\wipro\June2024\all\Java\12-jun-loosely-coupled\src\main\resources
2024-06-12 17:09:45,974 [Worker-146: Building] INFO  o.a.m.s.f.DefaultMavenResourcesFiltering - skip non existing resourceDirectory D:\Jag\wipro\June2024\all\Java\12-jun-loosely-coupled\src\test\resources
2024-06-12 17:09:56,763 [Worker-152: Building] INFO  o.a.m.s.f.DefaultMavenResourcesFiltering - skip non existing resourceDirectory D:\Jag\wipro\June2024\all\Java\12-jun-loosely-coupled\src\main\resources
2024-06-12 17:09:56,763 [Worker-152: Building] INFO  o.a.m.s.f.DefaultMavenResourcesFiltering - skip non existing resourceDirectory D:\Jag\wipro\June2024\all\Java\12-jun-loosely-coupled\src\test\resources
2024-06-12 17:10:09,737 [Worker-146: Building] INFO  o.a.m.s.f.DefaultMavenResourcesFiltering - skip non existing resourceDirectory D:\Jag\wipro\June2024\all\Java\12-jun-loosely-coupled\src\main\resources
2024-06-12 17:10:09,738 [Worker-146: Building] INFO  o.a.m.s.f.DefaultMavenResourcesFiltering - skip non existing resourceDirectory D:\Jag\wipro\June2024\all\Java\12-jun-loosely-coupled\src\test\resources
2024-06-12 17:10:55,645 [Worker-153: Building] INFO  o.a.m.s.f.DefaultMavenResourcesFiltering - skip non existing resourceDirectory D:\Jag\wipro\June2024\all\Java\12-jun-loosely-coupled\src\main\resources
2024-06-12 17:10:55,646 [Worker-153: Building] INFO  o.a.m.s.f.DefaultMavenResourcesFiltering - skip non existing resourceDirectory D:\Jag\wipro\June2024\all\Java\12-jun-loosely-coupled\src\test\resources
2024-06-12 17:11:28,366 [Worker-153: Building] INFO  o.a.m.s.f.DefaultMavenResourcesFiltering - skip non existing resourceDirectory D:\Jag\wipro\June2024\all\Java\12-jun-loosely-coupled\src\main\resources
2024-06-12 17:11:28,368 [Worker-153: Building] INFO  o.a.m.s.f.DefaultMavenResourcesFiltering - skip non existing resourceDirectory D:\Jag\wipro\June2024\all\Java\12-jun-loosely-coupled\src\test\resources
2024-06-12 17:11:40,654 [Worker-150: Building] INFO  o.a.m.s.f.DefaultMavenResourcesFiltering - skip non existing resourceDirectory D:\Jag\wipro\June2024\all\Java\12-jun-loosely-coupled\src\main\resources
2024-06-12 17:11:40,656 [Worker-150: Building] INFO  o.a.m.s.f.DefaultMavenResourcesFiltering - skip non existing resourceDirectory D:\Jag\wipro\June2024\all\Java\12-jun-loosely-coupled\src\test\resources
2024-06-12 17:12:02,583 [Worker-149: Building] INFO  o.a.m.s.f.DefaultMavenResourcesFiltering - skip non existing resourceDirectory D:\Jag\wipro\June2024\all\Java\12-jun-loosely-coupled\src\main\resources
2024-06-12 17:12:02,586 [Worker-149: Building] INFO  o.a.m.s.f.DefaultMavenResourcesFiltering - skip non existing resourceDirectory D:\Jag\wipro\June2024\all\Java\12-jun-loosely-coupled\src\test\resources
2024-06-12 17:12:11,749 [Worker-153: Building] INFO  o.a.m.s.f.DefaultMavenResourcesFiltering - skip non existing resourceDirectory D:\Jag\wipro\June2024\all\Java\12-jun-loosely-coupled\src\main\resources
2024-06-12 17:12:11,751 [Worker-153: Building] INFO  o.a.m.s.f.DefaultMavenResourcesFiltering - skip non existing resourceDirectory D:\Jag\wipro\June2024\all\Java\12-jun-loosely-coupled\src\test\resources
2024-06-12 17:12:18,775 [Worker-151: Building] INFO  o.a.m.s.f.DefaultMavenResourcesFiltering - skip non existing resourceDirectory D:\Jag\wipro\June2024\all\Java\12-jun-loosely-coupled\src\main\resources
2024-06-12 17:12:18,776 [Worker-151: Building] INFO  o.a.m.s.f.DefaultMavenResourcesFiltering - skip non existing resourceDirectory D:\Jag\wipro\June2024\all\Java\12-jun-loosely-coupled\src\test\resources
2024-06-12 17:12:22,098 [Worker-149: Building] INFO  o.a.m.s.f.DefaultMavenResourcesFiltering - skip non existing resourceDirectory D:\Jag\wipro\June2024\all\Java\12-jun-loosely-coupled\src\main\resources
2024-06-12 17:12:22,099 [Worker-149: Building] INFO  o.a.m.s.f.DefaultMavenResourcesFiltering - skip non existing resourceDirectory D:\Jag\wipro\June2024\all\Java\12-jun-loosely-coupled\src\test\resources
2024-06-12 17:12:29,855 [Worker-151: Building] INFO  o.a.m.s.f.DefaultMavenResourcesFiltering - skip non existing resourceDirectory D:\Jag\wipro\June2024\all\Java\12-jun-loosely-coupled\src\main\resources
2024-06-12 17:12:29,856 [Worker-151: Building] INFO  o.a.m.s.f.DefaultMavenResourcesFiltering - skip non existing resourceDirectory D:\Jag\wipro\June2024\all\Java\12-jun-loosely-coupled\src\test\resources
2024-06-12 17:12:57,095 [Worker-151: Building] INFO  o.a.m.s.f.DefaultMavenResourcesFiltering - skip non existing resourceDirectory D:\Jag\wipro\June2024\all\Java\12-jun-loosely-coupled\src\main\resources
2024-06-12 17:12:57,095 [Worker-151: Building] INFO  o.a.m.s.f.DefaultMavenResourcesFiltering - skip non existing resourceDirectory D:\Jag\wipro\June2024\all\Java\12-jun-loosely-coupled\src\test\resources
2024-06-12 17:13:11,268 [Worker-149: Building] INFO  o.a.m.s.f.DefaultMavenResourcesFiltering - skip non existing resourceDirectory D:\Jag\wipro\June2024\all\Java\12-jun-loosely-coupled\src\main\resources
2024-06-12 17:13:11,269 [Worker-149: Building] INFO  o.a.m.s.f.DefaultMavenResourcesFiltering - skip non existing resourceDirectory D:\Jag\wipro\June2024\all\Java\12-jun-loosely-coupled\src\test\resources
2024-06-12 17:13:29,722 [Worker-149: Building] INFO  o.a.m.s.f.DefaultMavenResourcesFiltering - skip non existing resourceDirectory D:\Jag\wipro\June2024\all\Java\12-jun-loosely-coupled\src\main\resources
2024-06-12 17:13:29,723 [Worker-149: Building] INFO  o.a.m.s.f.DefaultMavenResourcesFiltering - skip non existing resourceDirectory D:\Jag\wipro\June2024\all\Java\12-jun-loosely-coupled\src\test\resources
2024-06-12 17:13:47,981 [Worker-149: Building] INFO  o.a.m.s.f.DefaultMavenResourcesFiltering - skip non existing resourceDirectory D:\Jag\wipro\June2024\all\Java\12-jun-loosely-coupled\src\main\resources
2024-06-12 17:13:47,984 [Worker-149: Building] INFO  o.a.m.s.f.DefaultMavenResourcesFiltering - skip non existing resourceDirectory D:\Jag\wipro\June2024\all\Java\12-jun-loosely-coupled\src\test\resources
2024-06-12 17:14:03,432 [Worker-152: Building] INFO  o.a.m.s.f.DefaultMavenResourcesFiltering - skip non existing resourceDirectory D:\Jag\wipro\June2024\all\Java\12-jun-loosely-coupled\src\main\resources
2024-06-12 17:14:03,433 [Worker-152: Building] INFO  o.a.m.s.f.DefaultMavenResourcesFiltering - skip non existing resourceDirectory D:\Jag\wipro\June2024\all\Java\12-jun-loosely-coupled\src\test\resources
2024-06-12 17:14:48,296 [Worker-141: Building] INFO  o.a.m.s.f.DefaultMavenResourcesFiltering - skip non existing resourceDirectory D:\Jag\wipro\June2024\all\Java\12-jun-loosely-coupled\src\main\resources
2024-06-12 17:14:48,297 [Worker-141: Building] INFO  o.a.m.s.f.DefaultMavenResourcesFiltering - skip non existing resourceDirectory D:\Jag\wipro\June2024\all\Java\12-jun-loosely-coupled\src\test\resources
2024-06-12 17:14:53,400 [Worker-146: Building] INFO  o.a.m.s.f.DefaultMavenResourcesFiltering - skip non existing resourceDirectory D:\Jag\wipro\June2024\all\Java\12-jun-loosely-coupled\src\main\resources
2024-06-12 17:14:53,401 [Worker-146: Building] INFO  o.a.m.s.f.DefaultMavenResourcesFiltering - skip non existing resourceDirectory D:\Jag\wipro\June2024\all\Java\12-jun-loosely-coupled\src\test\resources
2024-06-12 17:15:18,893 [Worker-151: Building] INFO  o.a.m.s.f.DefaultMavenResourcesFiltering - skip non existing resourceDirectory D:\Jag\wipro\June2024\all\Java\12-jun-loosely-coupled\src\main\resources
2024-06-12 17:15:18,894 [Worker-151: Building] INFO  o.a.m.s.f.DefaultMavenResourcesFiltering - skip non existing resourceDirectory D:\Jag\wipro\June2024\all\Java\12-jun-loosely-coupled\src\test\resources
2024-06-12 17:15:31,293 [Worker-151: Building] INFO  o.a.m.s.f.DefaultMavenResourcesFiltering - skip non existing resourceDirectory D:\Jag\wipro\June2024\all\Java\12-jun-loosely-coupled\src\main\resources
2024-06-12 17:15:31,294 [Worker-151: Building] INFO  o.a.m.s.f.DefaultMavenResourcesFiltering - skip non existing resourceDirectory D:\Jag\wipro\June2024\all\Java\12-jun-loosely-coupled\src\test\resources
2024-06-12 17:15:50,928 [Worker-150: Building] INFO  o.a.m.s.f.DefaultMavenResourcesFiltering - skip non existing resourceDirectory D:\Jag\wipro\June2024\all\Java\12-jun-loosely-coupled\src\main\resources
2024-06-12 17:15:50,928 [Worker-150: Building] INFO  o.a.m.s.f.DefaultMavenResourcesFiltering - skip non existing resourceDirectory D:\Jag\wipro\June2024\all\Java\12-jun-loosely-coupled\src\test\resources
2024-06-12 17:15:55,386 [Worker-141: Building] INFO  o.a.m.s.f.DefaultMavenResourcesFiltering - skip non existing resourceDirectory D:\Jag\wipro\June2024\all\Java\12-jun-loosely-coupled\src\main\resources
2024-06-12 17:15:55,387 [Worker-141: Building] INFO  o.a.m.s.f.DefaultMavenResourcesFiltering - skip non existing resourceDirectory D:\Jag\wipro\June2024\all\Java\12-jun-loosely-coupled\src\test\resources
2024-06-12 17:16:17,884 [Worker-154: Building] INFO  o.a.m.s.f.DefaultMavenResourcesFiltering - skip non existing resourceDirectory D:\Jag\wipro\June2024\all\Java\12-jun-loosely-coupled\src\main\resources
2024-06-12 17:16:17,888 [Worker-154: Building] INFO  o.a.m.s.f.DefaultMavenResourcesFiltering - skip non existing resourceDirectory D:\Jag\wipro\June2024\all\Java\12-jun-loosely-coupled\src\test\resources
2024-06-12 17:16:38,992 [Worker-141: Building] INFO  o.a.m.s.f.DefaultMavenResourcesFiltering - skip non existing resourceDirectory D:\Jag\wipro\June2024\all\Java\12-jun-loosely-coupled\src\main\resources
2024-06-12 17:16:38,993 [Worker-141: Building] INFO  o.a.m.s.f.DefaultMavenResourcesFiltering - skip non existing resourceDirectory D:\Jag\wipro\June2024\all\Java\12-jun-loosely-coupled\src\test\resources
2024-06-12 17:17:22,293 [Worker-154: Building] INFO  o.a.m.s.f.DefaultMavenResourcesFiltering - skip non existing resourceDirectory D:\Jag\wipro\June2024\all\Java\12-jun-loosely-coupled\src\main\resources
2024-06-12 17:17:22,296 [Worker-154: Building] INFO  o.a.m.s.f.DefaultMavenResourcesFiltering - skip non existing resourceDirectory D:\Jag\wipro\June2024\all\Java\12-jun-loosely-coupled\src\test\resources
2024-06-12 17:17:25,947 [Worker-150: Building] INFO  o.a.m.s.f.DefaultMavenResourcesFiltering - skip non existing resourceDirectory D:\Jag\wipro\June2024\all\Java\12-jun-loosely-coupled\src\main\resources
2024-06-12 17:17:25,949 [Worker-150: Building] INFO  o.a.m.s.f.DefaultMavenResourcesFiltering - skip non existing resourceDirectory D:\Jag\wipro\June2024\all\Java\12-jun-loosely-coupled\src\test\resources
2024-06-12 17:17:44,503 [Worker-152: Building] INFO  o.a.m.s.f.DefaultMavenResourcesFiltering - skip non existing resourceDirectory D:\Jag\wipro\June2024\all\Java\12-jun-loosely-coupled\src\main\resources
2024-06-12 17:17:44,505 [Worker-152: Building] INFO  o.a.m.s.f.DefaultMavenResourcesFiltering - skip non existing resourceDirectory D:\Jag\wipro\June2024\all\Java\12-jun-loosely-coupled\src\test\resources
2024-06-12 17:17:55,100 [Worker-152: Building] INFO  o.a.m.s.f.DefaultMavenResourcesFiltering - skip non existing resourceDirectory D:\Jag\wipro\June2024\all\Java\12-jun-loosely-coupled\src\main\resources
2024-06-12 17:17:55,102 [Worker-152: Building] INFO  o.a.m.s.f.DefaultMavenResourcesFiltering - skip non existing resourceDirectory D:\Jag\wipro\June2024\all\Java\12-jun-loosely-coupled\src\test\resources
2024-06-13 09:10:31,506 [Worker-8: Loading available Gradle versions] INFO  o.e.b.c.i.u.g.PublishedGradleVersions - Gradle version information cache is out-of-date. Trying to update.
2024-06-17 09:02:51,304 [Worker-7: Loading available Gradle versions] INFO  o.e.b.c.i.u.g.PublishedGradleVersions - Gradle version information cache is up-to-date. Trying to read.
2024-07-01 11:52:37,702 [Worker-2: Loading available Gradle versions] INFO  o.e.b.c.i.u.g.PublishedGradleVersions - Gradle version information cache is out-of-date. Trying to update.
